{"__type":"$$EventMessageWorkflow","id":"44bc298f-fbe9-494e-a4c9-24412b33e4c5","ts":"2025-12-17T07:03:07.994+00:00","eventName":"n8n.workflow.started","message":"n8n.workflow.started","payload":{"executionId":"26","workflowId":"1kxUNqSgWbcjN2cZ","isManual":false,"workflowName":"My workflow 2"}}
{"__type":"$$EventMessageConfirm","confirm":"44bc298f-fbe9-494e-a4c9-24412b33e4c5","ts":"2025-12-17T07:03:07.995+00:00","source":{"id":"0","name":"eventBus"}}
{"__type":"$$EventMessageNode","id":"f18da004-6651-447b-ba14-e880a985ff43","ts":"2025-12-17T07:03:07.995+00:00","eventName":"n8n.node.started","message":"n8n.node.started","payload":{"workflowId":"1kxUNqSgWbcjN2cZ","workflowName":"My workflow 2","executionId":"26","nodeType":"n8n-nodes-base.telegramTrigger","nodeName":"Telegram Trigger","nodeId":"33ad6699-6ded-4c2f-b061-eba140c3de77"}}
{"__type":"$$EventMessageConfirm","confirm":"f18da004-6651-447b-ba14-e880a985ff43","ts":"2025-12-17T07:03:07.995+00:00","source":{"id":"0","name":"eventBus"}}
{"__type":"$$EventMessageNode","id":"29875291-1e8f-4702-8b98-ccb9ae258c36","ts":"2025-12-17T07:03:07.997+00:00","eventName":"n8n.node.finished","message":"n8n.node.finished","payload":{"workflowId":"1kxUNqSgWbcjN2cZ","workflowName":"My workflow 2","executionId":"26","nodeType":"n8n-nodes-base.telegramTrigger","nodeName":"Telegram Trigger","nodeId":"33ad6699-6ded-4c2f-b061-eba140c3de77"}}
{"__type":"$$EventMessageConfirm","confirm":"29875291-1e8f-4702-8b98-ccb9ae258c36","ts":"2025-12-17T07:03:07.997+00:00","source":{"id":"0","name":"eventBus"}}
{"__type":"$$EventMessageNode","id":"b1825a9a-24cb-4dbf-83ac-56ce88b6d6b4","ts":"2025-12-17T07:03:07.998+00:00","eventName":"n8n.node.started","message":"n8n.node.started","payload":{"workflowId":"1kxUNqSgWbcjN2cZ","workflowName":"My workflow 2","executionId":"26","nodeType":"n8n-nodes-base.if","nodeName":"If","nodeId":"32f37981-104f-4446-b7ef-d9ce6175ebd0"}}
{"__type":"$$EventMessageConfirm","confirm":"b1825a9a-24cb-4dbf-83ac-56ce88b6d6b4","ts":"2025-12-17T07:03:07.998+00:00","source":{"id":"0","name":"eventBus"}}
{"__type":"$$EventMessageNode","id":"57199627-1320-40ea-967f-6b30f5a9c519","ts":"2025-12-17T15:03:08.027+08:00","eventName":"n8n.node.finished","message":"n8n.node.finished","payload":{"workflowId":"1kxUNqSgWbcjN2cZ","workflowName":"My workflow 2","executionId":"26","nodeType":"n8n-nodes-base.if","nodeName":"If","nodeId":"32f37981-104f-4446-b7ef-d9ce6175ebd0"}}
{"__type":"$$EventMessageConfirm","confirm":"57199627-1320-40ea-967f-6b30f5a9c519","ts":"2025-12-17T15:03:08.027+08:00","source":{"id":"0","name":"eventBus"}}
{"__type":"$$EventMessageNode","id":"1c99daed-7022-416f-a0ce-fa7bb831e1c1","ts":"2025-12-17T15:03:08.027+08:00","eventName":"n8n.node.started","message":"n8n.node.started","payload":{"workflowId":"1kxUNqSgWbcjN2cZ","workflowName":"My workflow 2","executionId":"26","nodeType":"n8n-nodes-base.set","nodeName":"Edit Fields","nodeId":"cdd1c4d2-bfbd-4fd9-80a3-694f52511bdc"}}
{"__type":"$$EventMessageConfirm","confirm":"1c99daed-7022-416f-a0ce-fa7bb831e1c1","ts":"2025-12-17T15:03:08.027+08:00","source":{"id":"0","name":"eventBus"}}
{"__type":"$$EventMessageNode","id":"53634603-6be8-4362-8098-9e04e1dff6ab","ts":"2025-12-17T15:03:08.037+08:00","eventName":"n8n.node.finished","message":"n8n.node.finished","payload":{"workflowId":"1kxUNqSgWbcjN2cZ","workflowName":"My workflow 2","executionId":"26","nodeType":"n8n-nodes-base.set","nodeName":"Edit Fields","nodeId":"cdd1c4d2-bfbd-4fd9-80a3-694f52511bdc"}}
{"__type":"$$EventMessageConfirm","confirm":"53634603-6be8-4362-8098-9e04e1dff6ab","ts":"2025-12-17T15:03:08.037+08:00","source":{"id":"0","name":"eventBus"}}
{"__type":"$$EventMessageNode","id":"3fd3c564-38d7-4438-b1a3-946635de98ea","ts":"2025-12-17T15:03:08.037+08:00","eventName":"n8n.node.started","message":"n8n.node.started","payload":{"workflowId":"1kxUNqSgWbcjN2cZ","workflowName":"My workflow 2","executionId":"26","nodeType":"n8n-nodes-base.if","nodeName":"If1","nodeId":"dc28f008-25b1-4ebf-a736-9ab64b85fac5"}}
{"__type":"$$EventMessageConfirm","confirm":"3fd3c564-38d7-4438-b1a3-946635de98ea","ts":"2025-12-17T15:03:08.037+08:00","source":{"id":"0","name":"eventBus"}}
{"__type":"$$EventMessageNode","id":"5c519533-84ac-41f4-a6db-677e495e2ac9","ts":"2025-12-17T15:03:08.038+08:00","eventName":"n8n.node.finished","message":"n8n.node.finished","payload":{"workflowId":"1kxUNqSgWbcjN2cZ","workflowName":"My workflow 2","executionId":"26","nodeType":"n8n-nodes-base.if","nodeName":"If1","nodeId":"dc28f008-25b1-4ebf-a736-9ab64b85fac5"}}
{"__type":"$$EventMessageConfirm","confirm":"5c519533-84ac-41f4-a6db-677e495e2ac9","ts":"2025-12-17T15:03:08.038+08:00","source":{"id":"0","name":"eventBus"}}
{"__type":"$$EventMessageNode","id":"ecdf7b8d-a38b-4970-b22a-50e5d9e26344","ts":"2025-12-17T15:03:08.038+08:00","eventName":"n8n.node.started","message":"n8n.node.started","payload":{"workflowId":"1kxUNqSgWbcjN2cZ","workflowName":"My workflow 2","executionId":"26","nodeType":"n8n-nodes-base.set","nodeName":"Edit Fields1","nodeId":"aea663ac-06ea-4f7f-85f4-c8eafb3075f8"}}
{"__type":"$$EventMessageConfirm","confirm":"ecdf7b8d-a38b-4970-b22a-50e5d9e26344","ts":"2025-12-17T15:03:08.038+08:00","source":{"id":"0","name":"eventBus"}}
{"__type":"$$EventMessageNode","id":"00414508-b022-424d-b498-3605b89131bf","ts":"2025-12-17T15:03:08.046+08:00","eventName":"n8n.node.finished","message":"n8n.node.finished","payload":{"workflowId":"1kxUNqSgWbcjN2cZ","workflowName":"My workflow 2","executionId":"26","nodeType":"n8n-nodes-base.set","nodeName":"Edit Fields1","nodeId":"aea663ac-06ea-4f7f-85f4-c8eafb3075f8"}}
{"__type":"$$EventMessageConfirm","confirm":"00414508-b022-424d-b498-3605b89131bf","ts":"2025-12-17T15:03:08.046+08:00","source":{"id":"0","name":"eventBus"}}
{"__type":"$$EventMessageNode","id":"27b34873-08ef-4c30-82ea-972bc39b12e4","ts":"2025-12-17T15:03:08.046+08:00","eventName":"n8n.node.started","message":"n8n.node.started","payload":{"workflowId":"1kxUNqSgWbcjN2cZ","workflowName":"My workflow 2","executionId":"26","nodeType":"n8n-nodes-base.httpRequest","nodeName":"HTTP Request","nodeId":"506fd0e3-b8c0-4caf-9eb4-eb3b0159a5b7"}}
{"__type":"$$EventMessageConfirm","confirm":"27b34873-08ef-4c30-82ea-972bc39b12e4","ts":"2025-12-17T15:03:08.046+08:00","source":{"id":"0","name":"eventBus"}}
{"__type":"$$EventMessageNode","id":"f969b987-e1e4-4287-8ba8-0af10db26199","ts":"2025-12-17T15:03:11.830+08:00","eventName":"n8n.node.finished","message":"n8n.node.finished","payload":{"workflowId":"1kxUNqSgWbcjN2cZ","workflowName":"My workflow 2","executionId":"26","nodeType":"n8n-nodes-base.httpRequest","nodeName":"HTTP Request","nodeId":"506fd0e3-b8c0-4caf-9eb4-eb3b0159a5b7"}}
{"__type":"$$EventMessageConfirm","confirm":"f969b987-e1e4-4287-8ba8-0af10db26199","ts":"2025-12-17T15:03:11.830+08:00","source":{"id":"0","name":"eventBus"}}
{"__type":"$$EventMessageNode","id":"cc9051d1-adf7-408a-884a-4ef826143dcc","ts":"2025-12-17T15:03:11.830+08:00","eventName":"n8n.node.started","message":"n8n.node.started","payload":{"workflowId":"1kxUNqSgWbcjN2cZ","workflowName":"My workflow 2","executionId":"26","nodeType":"n8n-nodes-base.code","nodeName":"Code in JavaScript","nodeId":"bfcb1ccf-7954-419a-a0e3-23d703db9922"}}
{"__type":"$$EventMessageConfirm","confirm":"cc9051d1-adf7-408a-884a-4ef826143dcc","ts":"2025-12-17T15:03:11.831+08:00","source":{"id":"0","name":"eventBus"}}
{"__type":"$$EventMessageRunner","id":"1304c4c2-fff4-4aa2-959e-ef43f5c5f519","ts":"2025-12-17T15:03:11.834+08:00","eventName":"n8n.runner.task.requested","message":"n8n.runner.task.requested","payload":{"taskId":"JDxtvKvp","nodeId":"bfcb1ccf-7954-419a-a0e3-23d703db9922","workflowId":"1kxUNqSgWbcjN2cZ","executionId":"26"}}
{"__type":"$$EventMessageConfirm","confirm":"1304c4c2-fff4-4aa2-959e-ef43f5c5f519","ts":"2025-12-17T15:03:11.834+08:00","source":{"id":"0","name":"eventBus"}}
{"__type":"$$EventMessageRunner","id":"977f8eaf-7936-4bda-882a-a57ab7e652e9","ts":"2025-12-17T15:03:11.927+08:00","eventName":"n8n.runner.response.received","message":"n8n.runner.response.received","payload":{"taskId":"JDxtvKvp","nodeId":"bfcb1ccf-7954-419a-a0e3-23d703db9922","workflowId":"1kxUNqSgWbcjN2cZ","executionId":"26"}}
{"__type":"$$EventMessageConfirm","confirm":"977f8eaf-7936-4bda-882a-a57ab7e652e9","ts":"2025-12-17T15:03:11.927+08:00","source":{"id":"0","name":"eventBus"}}
{"__type":"$$EventMessageNode","id":"e335b25a-78e9-4fcb-aa05-8b994e77d567","ts":"2025-12-17T15:03:11.928+08:00","eventName":"n8n.node.finished","message":"n8n.node.finished","payload":{"workflowId":"1kxUNqSgWbcjN2cZ","workflowName":"My workflow 2","executionId":"26","nodeType":"n8n-nodes-base.code","nodeName":"Code in JavaScript","nodeId":"bfcb1ccf-7954-419a-a0e3-23d703db9922"}}
{"__type":"$$EventMessageConfirm","confirm":"e335b25a-78e9-4fcb-aa05-8b994e77d567","ts":"2025-12-17T15:03:11.928+08:00","source":{"id":"0","name":"eventBus"}}
{"__type":"$$EventMessageNode","id":"f21ff7ac-637a-4dbe-933a-66741d252f96","ts":"2025-12-17T15:03:11.928+08:00","eventName":"n8n.node.started","message":"n8n.node.started","payload":{"workflowId":"1kxUNqSgWbcjN2cZ","workflowName":"My workflow 2","executionId":"26","nodeType":"n8n-nodes-base.telegram","nodeName":"Send a photo message","nodeId":"108032ea-35d9-41cf-a3af-b10d838b27ac"}}
{"__type":"$$EventMessageConfirm","confirm":"f21ff7ac-637a-4dbe-933a-66741d252f96","ts":"2025-12-17T15:03:11.929+08:00","source":{"id":"0","name":"eventBus"}}
{"__type":"$$EventMessageNode","id":"d7463f54-fc52-4d57-8196-d949e0a8e8f5","ts":"2025-12-17T15:03:15.502+08:00","eventName":"n8n.node.finished","message":"n8n.node.finished","payload":{"workflowId":"1kxUNqSgWbcjN2cZ","workflowName":"My workflow 2","executionId":"26","nodeType":"n8n-nodes-base.telegram","nodeName":"Send a photo message","nodeId":"108032ea-35d9-41cf-a3af-b10d838b27ac"}}
{"__type":"$$EventMessageConfirm","confirm":"d7463f54-fc52-4d57-8196-d949e0a8e8f5","ts":"2025-12-17T15:03:15.503+08:00","source":{"id":"0","name":"eventBus"}}
{"__type":"$$EventMessageWorkflow","id":"08c86170-f5ba-4f3d-a28a-9f6f283cf31e","ts":"2025-12-17T15:03:15.505+08:00","eventName":"n8n.workflow.success","message":"n8n.workflow.success","payload":{"executionId":"26","success":true,"isManual":false,"workflowId":"1kxUNqSgWbcjN2cZ","workflowName":"My workflow 2"}}
{"__type":"$$EventMessageConfirm","confirm":"08c86170-f5ba-4f3d-a28a-9f6f283cf31e","ts":"2025-12-17T15:03:15.505+08:00","source":{"id":"0","name":"eventBus"}}
{"__type":"$$EventMessageWorkflow","id":"8b48587d-2752-4a04-a7a6-4d54de2be383","ts":"2025-12-17T15:03:34.279+08:00","eventName":"n8n.workflow.started","message":"n8n.workflow.started","payload":{"executionId":"27","workflowId":"1kxUNqSgWbcjN2cZ","isManual":false,"workflowName":"My workflow 2"}}
{"__type":"$$EventMessageConfirm","confirm":"8b48587d-2752-4a04-a7a6-4d54de2be383","ts":"2025-12-17T15:03:34.279+08:00","source":{"id":"0","name":"eventBus"}}
{"__type":"$$EventMessageNode","id":"6e5ef480-af1c-46e9-a72f-4ea9cff1f5fe","ts":"2025-12-17T15:03:34.280+08:00","eventName":"n8n.node.started","message":"n8n.node.started","payload":{"workflowId":"1kxUNqSgWbcjN2cZ","workflowName":"My workflow 2","executionId":"27","nodeType":"n8n-nodes-base.telegramTrigger","nodeName":"Telegram Trigger","nodeId":"33ad6699-6ded-4c2f-b061-eba140c3de77"}}
{"__type":"$$EventMessageConfirm","confirm":"6e5ef480-af1c-46e9-a72f-4ea9cff1f5fe","ts":"2025-12-17T15:03:34.280+08:00","source":{"id":"0","name":"eventBus"}}
{"__type":"$$EventMessageNode","id":"91b99402-94bc-44db-ab95-85a6e8a9a68f","ts":"2025-12-17T15:03:34.280+08:00","eventName":"n8n.node.finished","message":"n8n.node.finished","payload":{"workflowId":"1kxUNqSgWbcjN2cZ","workflowName":"My workflow 2","executionId":"27","nodeType":"n8n-nodes-base.telegramTrigger","nodeName":"Telegram Trigger","nodeId":"33ad6699-6ded-4c2f-b061-eba140c3de77"}}
{"__type":"$$EventMessageConfirm","confirm":"91b99402-94bc-44db-ab95-85a6e8a9a68f","ts":"2025-12-17T15:03:34.281+08:00","source":{"id":"0","name":"eventBus"}}
{"__type":"$$EventMessageNode","id":"3707cd3d-6266-473d-974a-fcebaf840b08","ts":"2025-12-17T15:03:34.281+08:00","eventName":"n8n.node.started","message":"n8n.node.started","payload":{"workflowId":"1kxUNqSgWbcjN2cZ","workflowName":"My workflow 2","executionId":"27","nodeType":"n8n-nodes-base.if","nodeName":"If","nodeId":"32f37981-104f-4446-b7ef-d9ce6175ebd0"}}
{"__type":"$$EventMessageConfirm","confirm":"3707cd3d-6266-473d-974a-fcebaf840b08","ts":"2025-12-17T15:03:34.281+08:00","source":{"id":"0","name":"eventBus"}}
{"__type":"$$EventMessageNode","id":"15a1ccd8-929c-44a7-8d0d-1db9d18f0a78","ts":"2025-12-17T15:03:34.282+08:00","eventName":"n8n.node.finished","message":"n8n.node.finished","payload":{"workflowId":"1kxUNqSgWbcjN2cZ","workflowName":"My workflow 2","executionId":"27","nodeType":"n8n-nodes-base.if","nodeName":"If","nodeId":"32f37981-104f-4446-b7ef-d9ce6175ebd0"}}
{"__type":"$$EventMessageConfirm","confirm":"15a1ccd8-929c-44a7-8d0d-1db9d18f0a78","ts":"2025-12-17T15:03:34.282+08:00","source":{"id":"0","name":"eventBus"}}
{"__type":"$$EventMessageNode","id":"534083f4-0768-4ea0-9295-5aa1e3a46969","ts":"2025-12-17T15:03:34.282+08:00","eventName":"n8n.node.started","message":"n8n.node.started","payload":{"workflowId":"1kxUNqSgWbcjN2cZ","workflowName":"My workflow 2","executionId":"27","nodeType":"n8n-nodes-base.set","nodeName":"Edit Fields","nodeId":"cdd1c4d2-bfbd-4fd9-80a3-694f52511bdc"}}
{"__type":"$$EventMessageConfirm","confirm":"534083f4-0768-4ea0-9295-5aa1e3a46969","ts":"2025-12-17T15:03:34.282+08:00","source":{"id":"0","name":"eventBus"}}
{"__type":"$$EventMessageNode","id":"762fa866-0cf9-451b-8ab0-c70bda34bb9d","ts":"2025-12-17T15:03:34.284+08:00","eventName":"n8n.node.finished","message":"n8n.node.finished","payload":{"workflowId":"1kxUNqSgWbcjN2cZ","workflowName":"My workflow 2","executionId":"27","nodeType":"n8n-nodes-base.set","nodeName":"Edit Fields","nodeId":"cdd1c4d2-bfbd-4fd9-80a3-694f52511bdc"}}
{"__type":"$$EventMessageConfirm","confirm":"762fa866-0cf9-451b-8ab0-c70bda34bb9d","ts":"2025-12-17T15:03:34.284+08:00","source":{"id":"0","name":"eventBus"}}
{"__type":"$$EventMessageNode","id":"8894531c-8c7e-4e71-ba70-dc6e186b7b22","ts":"2025-12-17T15:03:34.284+08:00","eventName":"n8n.node.started","message":"n8n.node.started","payload":{"workflowId":"1kxUNqSgWbcjN2cZ","workflowName":"My workflow 2","executionId":"27","nodeType":"n8n-nodes-base.if","nodeName":"If1","nodeId":"dc28f008-25b1-4ebf-a736-9ab64b85fac5"}}
{"__type":"$$EventMessageConfirm","confirm":"8894531c-8c7e-4e71-ba70-dc6e186b7b22","ts":"2025-12-17T15:03:34.284+08:00","source":{"id":"0","name":"eventBus"}}
{"__type":"$$EventMessageNode","id":"92e282cc-e9d8-4d46-a69c-b11f2d75bb02","ts":"2025-12-17T15:03:34.284+08:00","eventName":"n8n.node.finished","message":"n8n.node.finished","payload":{"workflowId":"1kxUNqSgWbcjN2cZ","workflowName":"My workflow 2","executionId":"27","nodeType":"n8n-nodes-base.if","nodeName":"If1","nodeId":"dc28f008-25b1-4ebf-a736-9ab64b85fac5"}}
{"__type":"$$EventMessageConfirm","confirm":"92e282cc-e9d8-4d46-a69c-b11f2d75bb02","ts":"2025-12-17T15:03:34.284+08:00","source":{"id":"0","name":"eventBus"}}
{"__type":"$$EventMessageNode","id":"46cdd3a7-c327-476c-bc5e-7b342077e4e9","ts":"2025-12-17T15:03:34.284+08:00","eventName":"n8n.node.started","message":"n8n.node.started","payload":{"workflowId":"1kxUNqSgWbcjN2cZ","workflowName":"My workflow 2","executionId":"27","nodeType":"n8n-nodes-base.set","nodeName":"Edit Fields1","nodeId":"aea663ac-06ea-4f7f-85f4-c8eafb3075f8"}}
{"__type":"$$EventMessageConfirm","confirm":"46cdd3a7-c327-476c-bc5e-7b342077e4e9","ts":"2025-12-17T15:03:34.284+08:00","source":{"id":"0","name":"eventBus"}}
{"__type":"$$EventMessageNode","id":"96ed7be3-d94d-43b9-941d-3298b4eeeaa7","ts":"2025-12-17T15:03:34.286+08:00","eventName":"n8n.node.finished","message":"n8n.node.finished","payload":{"workflowId":"1kxUNqSgWbcjN2cZ","workflowName":"My workflow 2","executionId":"27","nodeType":"n8n-nodes-base.set","nodeName":"Edit Fields1","nodeId":"aea663ac-06ea-4f7f-85f4-c8eafb3075f8"}}
{"__type":"$$EventMessageConfirm","confirm":"96ed7be3-d94d-43b9-941d-3298b4eeeaa7","ts":"2025-12-17T15:03:34.286+08:00","source":{"id":"0","name":"eventBus"}}
{"__type":"$$EventMessageNode","id":"525346d1-b433-477d-86ed-258eeff4ba01","ts":"2025-12-17T15:03:34.286+08:00","eventName":"n8n.node.started","message":"n8n.node.started","payload":{"workflowId":"1kxUNqSgWbcjN2cZ","workflowName":"My workflow 2","executionId":"27","nodeType":"n8n-nodes-base.httpRequest","nodeName":"HTTP Request","nodeId":"506fd0e3-b8c0-4caf-9eb4-eb3b0159a5b7"}}
{"__type":"$$EventMessageConfirm","confirm":"525346d1-b433-477d-86ed-258eeff4ba01","ts":"2025-12-17T15:03:34.286+08:00","source":{"id":"0","name":"eventBus"}}
{"__type":"$$EventMessageNode","id":"80b92b68-f412-4ff1-9088-6fb5c13afdc7","ts":"2025-12-17T15:03:38.064+08:00","eventName":"n8n.node.finished","message":"n8n.node.finished","payload":{"workflowId":"1kxUNqSgWbcjN2cZ","workflowName":"My workflow 2","executionId":"27","nodeType":"n8n-nodes-base.httpRequest","nodeName":"HTTP Request","nodeId":"506fd0e3-b8c0-4caf-9eb4-eb3b0159a5b7"}}
{"__type":"$$EventMessageConfirm","confirm":"80b92b68-f412-4ff1-9088-6fb5c13afdc7","ts":"2025-12-17T15:03:38.064+08:00","source":{"id":"0","name":"eventBus"}}
{"__type":"$$EventMessageNode","id":"9e69ded2-2b13-44f6-b682-2bdd38f0b422","ts":"2025-12-17T15:03:38.064+08:00","eventName":"n8n.node.started","message":"n8n.node.started","payload":{"workflowId":"1kxUNqSgWbcjN2cZ","workflowName":"My workflow 2","executionId":"27","nodeType":"n8n-nodes-base.code","nodeName":"Code in JavaScript","nodeId":"bfcb1ccf-7954-419a-a0e3-23d703db9922"}}
{"__type":"$$EventMessageConfirm","confirm":"9e69ded2-2b13-44f6-b682-2bdd38f0b422","ts":"2025-12-17T15:03:38.064+08:00","source":{"id":"0","name":"eventBus"}}
{"__type":"$$EventMessageRunner","id":"7be08ac3-625a-4dba-8cb3-6bc0679bb022","ts":"2025-12-17T15:03:38.066+08:00","eventName":"n8n.runner.task.requested","message":"n8n.runner.task.requested","payload":{"taskId":"eNHU3Av0","nodeId":"bfcb1ccf-7954-419a-a0e3-23d703db9922","workflowId":"1kxUNqSgWbcjN2cZ","executionId":"27"}}
{"__type":"$$EventMessageConfirm","confirm":"7be08ac3-625a-4dba-8cb3-6bc0679bb022","ts":"2025-12-17T15:03:38.066+08:00","source":{"id":"0","name":"eventBus"}}
{"__type":"$$EventMessageRunner","id":"504d188d-4c9b-4b76-b802-4a5079b94d6a","ts":"2025-12-17T15:03:38.123+08:00","eventName":"n8n.runner.response.received","message":"n8n.runner.response.received","payload":{"taskId":"eNHU3Av0","nodeId":"bfcb1ccf-7954-419a-a0e3-23d703db9922","workflowId":"1kxUNqSgWbcjN2cZ","executionId":"27"}}
{"__type":"$$EventMessageConfirm","confirm":"504d188d-4c9b-4b76-b802-4a5079b94d6a","ts":"2025-12-17T15:03:38.124+08:00","source":{"id":"0","name":"eventBus"}}
{"__type":"$$EventMessageNode","id":"21defaa8-2ade-4cba-80ce-a6eaeb595ca0","ts":"2025-12-17T15:03:38.124+08:00","eventName":"n8n.node.finished","message":"n8n.node.finished","payload":{"workflowId":"1kxUNqSgWbcjN2cZ","workflowName":"My workflow 2","executionId":"27","nodeType":"n8n-nodes-base.code","nodeName":"Code in JavaScript","nodeId":"bfcb1ccf-7954-419a-a0e3-23d703db9922"}}
{"__type":"$$EventMessageConfirm","confirm":"21defaa8-2ade-4cba-80ce-a6eaeb595ca0","ts":"2025-12-17T15:03:38.124+08:00","source":{"id":"0","name":"eventBus"}}
{"__type":"$$EventMessageNode","id":"bc2162bb-4b90-4d67-ad4d-ed39dca66e7a","ts":"2025-12-17T15:03:38.124+08:00","eventName":"n8n.node.started","message":"n8n.node.started","payload":{"workflowId":"1kxUNqSgWbcjN2cZ","workflowName":"My workflow 2","executionId":"27","nodeType":"n8n-nodes-base.telegram","nodeName":"Send a photo message","nodeId":"108032ea-35d9-41cf-a3af-b10d838b27ac"}}
{"__type":"$$EventMessageConfirm","confirm":"bc2162bb-4b90-4d67-ad4d-ed39dca66e7a","ts":"2025-12-17T15:03:38.124+08:00","source":{"id":"0","name":"eventBus"}}
{"__type":"$$EventMessageNode","id":"abad0eed-db4f-47aa-b260-72231afc0deb","ts":"2025-12-17T15:03:41.093+08:00","eventName":"n8n.node.finished","message":"n8n.node.finished","payload":{"workflowId":"1kxUNqSgWbcjN2cZ","workflowName":"My workflow 2","executionId":"27","nodeType":"n8n-nodes-base.telegram","nodeName":"Send a photo message","nodeId":"108032ea-35d9-41cf-a3af-b10d838b27ac"}}
{"__type":"$$EventMessageConfirm","confirm":"abad0eed-db4f-47aa-b260-72231afc0deb","ts":"2025-12-17T15:03:41.094+08:00","source":{"id":"0","name":"eventBus"}}
{"__type":"$$EventMessageWorkflow","id":"fc3cdeb4-1393-4b63-add4-229df9666c2a","ts":"2025-12-17T15:03:41.094+08:00","eventName":"n8n.workflow.success","message":"n8n.workflow.success","payload":{"executionId":"27","success":true,"isManual":false,"workflowId":"1kxUNqSgWbcjN2cZ","workflowName":"My workflow 2"}}
{"__type":"$$EventMessageConfirm","confirm":"fc3cdeb4-1393-4b63-add4-229df9666c2a","ts":"2025-12-17T15:03:41.094+08:00","source":{"id":"0","name":"eventBus"}}
{"__type":"$$EventMessageWorkflow","id":"f836922e-a713-4c40-a216-f51776057562","ts":"2025-12-17T20:16:36.885+08:00","eventName":"n8n.workflow.started","message":"n8n.workflow.started","payload":{"executionId":"28","workflowId":"1kxUNqSgWbcjN2cZ","isManual":false,"workflowName":"My workflow 2"}}
{"__type":"$$EventMessageConfirm","confirm":"f836922e-a713-4c40-a216-f51776057562","ts":"2025-12-17T20:16:36.888+08:00","source":{"id":"0","name":"eventBus"}}
{"__type":"$$EventMessageNode","id":"4632a038-1786-4296-9342-ade64cb2d8b6","ts":"2025-12-17T20:16:36.889+08:00","eventName":"n8n.node.started","message":"n8n.node.started","payload":{"workflowId":"1kxUNqSgWbcjN2cZ","workflowName":"My workflow 2","executionId":"28","nodeType":"n8n-nodes-base.telegramTrigger","nodeName":"Telegram Trigger","nodeId":"33ad6699-6ded-4c2f-b061-eba140c3de77"}}
{"__type":"$$EventMessageConfirm","confirm":"4632a038-1786-4296-9342-ade64cb2d8b6","ts":"2025-12-17T20:16:36.889+08:00","source":{"id":"0","name":"eventBus"}}
{"__type":"$$EventMessageNode","id":"f7140a6d-9075-4e3b-aee0-95ac6d33ff6b","ts":"2025-12-17T20:16:36.891+08:00","eventName":"n8n.node.finished","message":"n8n.node.finished","payload":{"workflowId":"1kxUNqSgWbcjN2cZ","workflowName":"My workflow 2","executionId":"28","nodeType":"n8n-nodes-base.telegramTrigger","nodeName":"Telegram Trigger","nodeId":"33ad6699-6ded-4c2f-b061-eba140c3de77"}}
{"__type":"$$EventMessageConfirm","confirm":"f7140a6d-9075-4e3b-aee0-95ac6d33ff6b","ts":"2025-12-17T20:16:36.891+08:00","source":{"id":"0","name":"eventBus"}}
{"__type":"$$EventMessageNode","id":"ea3a95db-68a0-4a99-ab9b-78e51a5ed1c9","ts":"2025-12-17T20:16:36.891+08:00","eventName":"n8n.node.started","message":"n8n.node.started","payload":{"workflowId":"1kxUNqSgWbcjN2cZ","workflowName":"My workflow 2","executionId":"28","nodeType":"n8n-nodes-base.if","nodeName":"If","nodeId":"32f37981-104f-4446-b7ef-d9ce6175ebd0"}}
{"__type":"$$EventMessageConfirm","confirm":"ea3a95db-68a0-4a99-ab9b-78e51a5ed1c9","ts":"2025-12-17T20:16:36.891+08:00","source":{"id":"0","name":"eventBus"}}
{"__type":"$$EventMessageNode","id":"3b82d7f3-1bb4-4a97-b2cf-a414134cd6b1","ts":"2025-12-17T20:16:36.899+08:00","eventName":"n8n.node.finished","message":"n8n.node.finished","payload":{"workflowId":"1kxUNqSgWbcjN2cZ","workflowName":"My workflow 2","executionId":"28","nodeType":"n8n-nodes-base.if","nodeName":"If","nodeId":"32f37981-104f-4446-b7ef-d9ce6175ebd0"}}
{"__type":"$$EventMessageConfirm","confirm":"3b82d7f3-1bb4-4a97-b2cf-a414134cd6b1","ts":"2025-12-17T20:16:36.899+08:00","source":{"id":"0","name":"eventBus"}}
{"__type":"$$EventMessageNode","id":"19475a90-735b-4fca-b9bb-0d769103504b","ts":"2025-12-17T20:16:36.899+08:00","eventName":"n8n.node.started","message":"n8n.node.started","payload":{"workflowId":"1kxUNqSgWbcjN2cZ","workflowName":"My workflow 2","executionId":"28","nodeType":"n8n-nodes-base.set","nodeName":"Edit Fields","nodeId":"cdd1c4d2-bfbd-4fd9-80a3-694f52511bdc"}}
{"__type":"$$EventMessageConfirm","confirm":"19475a90-735b-4fca-b9bb-0d769103504b","ts":"2025-12-17T20:16:36.899+08:00","source":{"id":"0","name":"eventBus"}}
{"__type":"$$EventMessageNode","id":"7d97e740-782e-458e-b1c5-e7dd03ddeb4f","ts":"2025-12-17T20:16:36.905+08:00","eventName":"n8n.node.finished","message":"n8n.node.finished","payload":{"workflowId":"1kxUNqSgWbcjN2cZ","workflowName":"My workflow 2","executionId":"28","nodeType":"n8n-nodes-base.set","nodeName":"Edit Fields","nodeId":"cdd1c4d2-bfbd-4fd9-80a3-694f52511bdc"}}
{"__type":"$$EventMessageConfirm","confirm":"7d97e740-782e-458e-b1c5-e7dd03ddeb4f","ts":"2025-12-17T20:16:36.905+08:00","source":{"id":"0","name":"eventBus"}}
{"__type":"$$EventMessageNode","id":"82d52f8b-e436-41c6-8bce-9a0a93012691","ts":"2025-12-17T20:16:36.906+08:00","eventName":"n8n.node.started","message":"n8n.node.started","payload":{"workflowId":"1kxUNqSgWbcjN2cZ","workflowName":"My workflow 2","executionId":"28","nodeType":"n8n-nodes-base.if","nodeName":"If1","nodeId":"dc28f008-25b1-4ebf-a736-9ab64b85fac5"}}
{"__type":"$$EventMessageConfirm","confirm":"82d52f8b-e436-41c6-8bce-9a0a93012691","ts":"2025-12-17T20:16:36.906+08:00","source":{"id":"0","name":"eventBus"}}
{"__type":"$$EventMessageNode","id":"2a8a2dda-da84-4bca-bd41-556c73c863a7","ts":"2025-12-17T20:16:36.906+08:00","eventName":"n8n.node.finished","message":"n8n.node.finished","payload":{"workflowId":"1kxUNqSgWbcjN2cZ","workflowName":"My workflow 2","executionId":"28","nodeType":"n8n-nodes-base.if","nodeName":"If1","nodeId":"dc28f008-25b1-4ebf-a736-9ab64b85fac5"}}
{"__type":"$$EventMessageConfirm","confirm":"2a8a2dda-da84-4bca-bd41-556c73c863a7","ts":"2025-12-17T20:16:36.906+08:00","source":{"id":"0","name":"eventBus"}}
{"__type":"$$EventMessageNode","id":"2fa7d182-c535-4a82-a029-2659266ce76a","ts":"2025-12-17T20:16:36.907+08:00","eventName":"n8n.node.started","message":"n8n.node.started","payload":{"workflowId":"1kxUNqSgWbcjN2cZ","workflowName":"My workflow 2","executionId":"28","nodeType":"n8n-nodes-base.set","nodeName":"Edit Fields1","nodeId":"aea663ac-06ea-4f7f-85f4-c8eafb3075f8"}}
{"__type":"$$EventMessageConfirm","confirm":"2fa7d182-c535-4a82-a029-2659266ce76a","ts":"2025-12-17T20:16:36.907+08:00","source":{"id":"0","name":"eventBus"}}
{"__type":"$$EventMessageNode","id":"765d7944-377b-4231-97ea-7918d92b48cf","ts":"2025-12-17T20:16:36.908+08:00","eventName":"n8n.node.finished","message":"n8n.node.finished","payload":{"workflowId":"1kxUNqSgWbcjN2cZ","workflowName":"My workflow 2","executionId":"28","nodeType":"n8n-nodes-base.set","nodeName":"Edit Fields1","nodeId":"aea663ac-06ea-4f7f-85f4-c8eafb3075f8"}}
{"__type":"$$EventMessageConfirm","confirm":"765d7944-377b-4231-97ea-7918d92b48cf","ts":"2025-12-17T20:16:36.909+08:00","source":{"id":"0","name":"eventBus"}}
{"__type":"$$EventMessageNode","id":"e7f569db-67ef-4895-b63c-efaca8b745b5","ts":"2025-12-17T20:16:36.909+08:00","eventName":"n8n.node.started","message":"n8n.node.started","payload":{"workflowId":"1kxUNqSgWbcjN2cZ","workflowName":"My workflow 2","executionId":"28","nodeType":"n8n-nodes-base.httpRequest","nodeName":"HTTP Request","nodeId":"506fd0e3-b8c0-4caf-9eb4-eb3b0159a5b7"}}
{"__type":"$$EventMessageConfirm","confirm":"e7f569db-67ef-4895-b63c-efaca8b745b5","ts":"2025-12-17T20:16:36.909+08:00","source":{"id":"0","name":"eventBus"}}
{"__type":"$$EventMessageNode","id":"c5a2ea0a-1c51-4a5f-9634-ecbee80cefda","ts":"2025-12-17T20:16:40.750+08:00","eventName":"n8n.node.finished","message":"n8n.node.finished","payload":{"workflowId":"1kxUNqSgWbcjN2cZ","workflowName":"My workflow 2","executionId":"28","nodeType":"n8n-nodes-base.httpRequest","nodeName":"HTTP Request","nodeId":"506fd0e3-b8c0-4caf-9eb4-eb3b0159a5b7"}}
{"__type":"$$EventMessageConfirm","confirm":"c5a2ea0a-1c51-4a5f-9634-ecbee80cefda","ts":"2025-12-17T20:16:40.750+08:00","source":{"id":"0","name":"eventBus"}}
{"__type":"$$EventMessageNode","id":"02a98ab5-90d5-46a0-9ff8-074725ee762c","ts":"2025-12-17T20:16:40.750+08:00","eventName":"n8n.node.started","message":"n8n.node.started","payload":{"workflowId":"1kxUNqSgWbcjN2cZ","workflowName":"My workflow 2","executionId":"28","nodeType":"n8n-nodes-base.code","nodeName":"Code in JavaScript","nodeId":"bfcb1ccf-7954-419a-a0e3-23d703db9922"}}
{"__type":"$$EventMessageConfirm","confirm":"02a98ab5-90d5-46a0-9ff8-074725ee762c","ts":"2025-12-17T20:16:40.750+08:00","source":{"id":"0","name":"eventBus"}}
{"__type":"$$EventMessageRunner","id":"e880acdf-e6c3-49fc-b35a-5bcd587fd1ce","ts":"2025-12-17T20:16:40.789+08:00","eventName":"n8n.runner.task.requested","message":"n8n.runner.task.requested","payload":{"taskId":"fEDhZuHI","nodeId":"bfcb1ccf-7954-419a-a0e3-23d703db9922","workflowId":"1kxUNqSgWbcjN2cZ","executionId":"28"}}
{"__type":"$$EventMessageConfirm","confirm":"e880acdf-e6c3-49fc-b35a-5bcd587fd1ce","ts":"2025-12-17T20:16:40.789+08:00","source":{"id":"0","name":"eventBus"}}
{"__type":"$$EventMessageRunner","id":"b4ba6107-945f-4638-847b-df370397068d","ts":"2025-12-17T20:16:41.127+08:00","eventName":"n8n.runner.response.received","message":"n8n.runner.response.received","payload":{"taskId":"fEDhZuHI","nodeId":"bfcb1ccf-7954-419a-a0e3-23d703db9922","workflowId":"1kxUNqSgWbcjN2cZ","executionId":"28"}}
{"__type":"$$EventMessageConfirm","confirm":"b4ba6107-945f-4638-847b-df370397068d","ts":"2025-12-17T20:16:41.128+08:00","source":{"id":"0","name":"eventBus"}}
{"__type":"$$EventMessageNode","id":"8c905f68-fcac-405c-9538-ffbd68685712","ts":"2025-12-17T20:16:41.130+08:00","eventName":"n8n.node.finished","message":"n8n.node.finished","payload":{"workflowId":"1kxUNqSgWbcjN2cZ","workflowName":"My workflow 2","executionId":"28","nodeType":"n8n-nodes-base.code","nodeName":"Code in JavaScript","nodeId":"bfcb1ccf-7954-419a-a0e3-23d703db9922"}}
{"__type":"$$EventMessageConfirm","confirm":"8c905f68-fcac-405c-9538-ffbd68685712","ts":"2025-12-17T20:16:41.130+08:00","source":{"id":"0","name":"eventBus"}}
{"__type":"$$EventMessageNode","id":"37d7632e-9aa4-4fdb-ad8b-9fbc1e838c68","ts":"2025-12-17T20:16:41.131+08:00","eventName":"n8n.node.started","message":"n8n.node.started","payload":{"workflowId":"1kxUNqSgWbcjN2cZ","workflowName":"My workflow 2","executionId":"28","nodeType":"n8n-nodes-base.telegram","nodeName":"Send a photo message","nodeId":"108032ea-35d9-41cf-a3af-b10d838b27ac"}}
{"__type":"$$EventMessageConfirm","confirm":"37d7632e-9aa4-4fdb-ad8b-9fbc1e838c68","ts":"2025-12-17T20:16:41.131+08:00","source":{"id":"0","name":"eventBus"}}
{"__type":"$$EventMessageNode","id":"23055611-d5e9-4a14-9de3-ced33edd4a31","ts":"2025-12-17T20:16:44.654+08:00","eventName":"n8n.node.finished","message":"n8n.node.finished","payload":{"workflowId":"1kxUNqSgWbcjN2cZ","workflowName":"My workflow 2","executionId":"28","nodeType":"n8n-nodes-base.telegram","nodeName":"Send a photo message","nodeId":"108032ea-35d9-41cf-a3af-b10d838b27ac"}}
{"__type":"$$EventMessageConfirm","confirm":"23055611-d5e9-4a14-9de3-ced33edd4a31","ts":"2025-12-17T20:16:44.654+08:00","source":{"id":"0","name":"eventBus"}}
{"__type":"$$EventMessageWorkflow","id":"9f1eb5f9-85f2-4b27-997a-e4e0eda55c10","ts":"2025-12-17T20:16:44.655+08:00","eventName":"n8n.workflow.success","message":"n8n.workflow.success","payload":{"executionId":"28","success":true,"isManual":false,"workflowId":"1kxUNqSgWbcjN2cZ","workflowName":"My workflow 2"}}
{"__type":"$$EventMessageConfirm","confirm":"9f1eb5f9-85f2-4b27-997a-e4e0eda55c10","ts":"2025-12-17T20:16:44.655+08:00","source":{"id":"0","name":"eventBus"}}
{"__type":"$$EventMessageWorkflow","id":"b5039ce7-31be-4787-ad1a-409c31c3d47c","ts":"2025-12-18T09:41:32.486+08:00","eventName":"n8n.workflow.started","message":"n8n.workflow.started","payload":{"executionId":"29","workflowId":"1kxUNqSgWbcjN2cZ","isManual":false,"workflowName":"My workflow 2"}}
{"__type":"$$EventMessageConfirm","confirm":"b5039ce7-31be-4787-ad1a-409c31c3d47c","ts":"2025-12-18T09:41:32.486+08:00","source":{"id":"0","name":"eventBus"}}
{"__type":"$$EventMessageNode","id":"c51ceef5-8b5b-4710-8487-7003c13e7c32","ts":"2025-12-18T09:41:32.486+08:00","eventName":"n8n.node.started","message":"n8n.node.started","payload":{"workflowId":"1kxUNqSgWbcjN2cZ","workflowName":"My workflow 2","executionId":"29","nodeType":"n8n-nodes-base.telegramTrigger","nodeName":"Telegram Trigger","nodeId":"33ad6699-6ded-4c2f-b061-eba140c3de77"}}
{"__type":"$$EventMessageConfirm","confirm":"c51ceef5-8b5b-4710-8487-7003c13e7c32","ts":"2025-12-18T09:41:32.486+08:00","source":{"id":"0","name":"eventBus"}}
{"__type":"$$EventMessageNode","id":"88bc8eef-4a6d-4e82-a96b-ff34221480f5","ts":"2025-12-18T09:41:32.486+08:00","eventName":"n8n.node.finished","message":"n8n.node.finished","payload":{"workflowId":"1kxUNqSgWbcjN2cZ","workflowName":"My workflow 2","executionId":"29","nodeType":"n8n-nodes-base.telegramTrigger","nodeName":"Telegram Trigger","nodeId":"33ad6699-6ded-4c2f-b061-eba140c3de77"}}
{"__type":"$$EventMessageConfirm","confirm":"88bc8eef-4a6d-4e82-a96b-ff34221480f5","ts":"2025-12-18T09:41:32.486+08:00","source":{"id":"0","name":"eventBus"}}
{"__type":"$$EventMessageNode","id":"bfcc65d7-4bf5-4457-932a-38f81c9e4e7e","ts":"2025-12-18T09:41:32.486+08:00","eventName":"n8n.node.started","message":"n8n.node.started","payload":{"workflowId":"1kxUNqSgWbcjN2cZ","workflowName":"My workflow 2","executionId":"29","nodeType":"n8n-nodes-base.if","nodeName":"If","nodeId":"32f37981-104f-4446-b7ef-d9ce6175ebd0"}}
{"__type":"$$EventMessageConfirm","confirm":"bfcc65d7-4bf5-4457-932a-38f81c9e4e7e","ts":"2025-12-18T09:41:32.487+08:00","source":{"id":"0","name":"eventBus"}}
{"__type":"$$EventMessageNode","id":"555b5907-5eaa-4dc5-a453-75b363adc519","ts":"2025-12-18T09:41:32.488+08:00","eventName":"n8n.node.finished","message":"n8n.node.finished","payload":{"workflowId":"1kxUNqSgWbcjN2cZ","workflowName":"My workflow 2","executionId":"29","nodeType":"n8n-nodes-base.if","nodeName":"If","nodeId":"32f37981-104f-4446-b7ef-d9ce6175ebd0"}}
{"__type":"$$EventMessageConfirm","confirm":"555b5907-5eaa-4dc5-a453-75b363adc519","ts":"2025-12-18T09:41:32.488+08:00","source":{"id":"0","name":"eventBus"}}
{"__type":"$$EventMessageWorkflow","id":"cade788c-5a34-49b8-a5ff-99fbc8faea2a","ts":"2025-12-18T09:41:32.488+08:00","eventName":"n8n.workflow.success","message":"n8n.workflow.success","payload":{"executionId":"29","success":true,"isManual":false,"workflowId":"1kxUNqSgWbcjN2cZ","workflowName":"My workflow 2"}}
{"__type":"$$EventMessageConfirm","confirm":"cade788c-5a34-49b8-a5ff-99fbc8faea2a","ts":"2025-12-18T09:41:32.488+08:00","source":{"id":"0","name":"eventBus"}}
{"__type":"$$EventMessageWorkflow","id":"f4a71a30-d450-4c37-80cc-f1c757c67f81","ts":"2025-12-18T09:41:34.834+08:00","eventName":"n8n.workflow.started","message":"n8n.workflow.started","payload":{"executionId":"30","workflowId":"1kxUNqSgWbcjN2cZ","isManual":false,"workflowName":"My workflow 2"}}
{"__type":"$$EventMessageConfirm","confirm":"f4a71a30-d450-4c37-80cc-f1c757c67f81","ts":"2025-12-18T09:41:34.834+08:00","source":{"id":"0","name":"eventBus"}}
{"__type":"$$EventMessageNode","id":"3ce9568f-181e-4e2b-b5cf-367810d804c1","ts":"2025-12-18T09:41:34.834+08:00","eventName":"n8n.node.started","message":"n8n.node.started","payload":{"workflowId":"1kxUNqSgWbcjN2cZ","workflowName":"My workflow 2","executionId":"30","nodeType":"n8n-nodes-base.telegramTrigger","nodeName":"Telegram Trigger","nodeId":"33ad6699-6ded-4c2f-b061-eba140c3de77"}}
{"__type":"$$EventMessageConfirm","confirm":"3ce9568f-181e-4e2b-b5cf-367810d804c1","ts":"2025-12-18T09:41:34.834+08:00","source":{"id":"0","name":"eventBus"}}
{"__type":"$$EventMessageNode","id":"13b9785f-e978-4e8a-9829-34ec41b76b3f","ts":"2025-12-18T09:41:34.834+08:00","eventName":"n8n.node.finished","message":"n8n.node.finished","payload":{"workflowId":"1kxUNqSgWbcjN2cZ","workflowName":"My workflow 2","executionId":"30","nodeType":"n8n-nodes-base.telegramTrigger","nodeName":"Telegram Trigger","nodeId":"33ad6699-6ded-4c2f-b061-eba140c3de77"}}
{"__type":"$$EventMessageConfirm","confirm":"13b9785f-e978-4e8a-9829-34ec41b76b3f","ts":"2025-12-18T09:41:34.834+08:00","source":{"id":"0","name":"eventBus"}}
{"__type":"$$EventMessageNode","id":"95904001-dcb3-4b30-a337-98a79476e609","ts":"2025-12-18T09:41:34.834+08:00","eventName":"n8n.node.started","message":"n8n.node.started","payload":{"workflowId":"1kxUNqSgWbcjN2cZ","workflowName":"My workflow 2","executionId":"30","nodeType":"n8n-nodes-base.if","nodeName":"If","nodeId":"32f37981-104f-4446-b7ef-d9ce6175ebd0"}}
{"__type":"$$EventMessageConfirm","confirm":"95904001-dcb3-4b30-a337-98a79476e609","ts":"2025-12-18T09:41:34.834+08:00","source":{"id":"0","name":"eventBus"}}
{"__type":"$$EventMessageNode","id":"095be690-4f3b-4251-a207-2130b24ff2df","ts":"2025-12-18T09:41:34.835+08:00","eventName":"n8n.node.finished","message":"n8n.node.finished","payload":{"workflowId":"1kxUNqSgWbcjN2cZ","workflowName":"My workflow 2","executionId":"30","nodeType":"n8n-nodes-base.if","nodeName":"If","nodeId":"32f37981-104f-4446-b7ef-d9ce6175ebd0"}}
{"__type":"$$EventMessageConfirm","confirm":"095be690-4f3b-4251-a207-2130b24ff2df","ts":"2025-12-18T09:41:34.835+08:00","source":{"id":"0","name":"eventBus"}}
{"__type":"$$EventMessageWorkflow","id":"bde74d44-2b32-4bf2-b4aa-0dcdf5c2adcd","ts":"2025-12-18T09:41:34.835+08:00","eventName":"n8n.workflow.success","message":"n8n.workflow.success","payload":{"executionId":"30","success":true,"isManual":false,"workflowId":"1kxUNqSgWbcjN2cZ","workflowName":"My workflow 2"}}
{"__type":"$$EventMessageConfirm","confirm":"bde74d44-2b32-4bf2-b4aa-0dcdf5c2adcd","ts":"2025-12-18T09:41:34.835+08:00","source":{"id":"0","name":"eventBus"}}
{"__type":"$$EventMessageWorkflow","id":"c6df0819-9df3-46b1-bce8-a3cf5daac93d","ts":"2025-12-18T09:41:41.234+08:00","eventName":"n8n.workflow.started","message":"n8n.workflow.started","payload":{"executionId":"31","workflowId":"1kxUNqSgWbcjN2cZ","isManual":false,"workflowName":"My workflow 2"}}
{"__type":"$$EventMessageConfirm","confirm":"c6df0819-9df3-46b1-bce8-a3cf5daac93d","ts":"2025-12-18T09:41:41.234+08:00","source":{"id":"0","name":"eventBus"}}
{"__type":"$$EventMessageNode","id":"e227bb14-b25a-4d96-842c-2583416b1fc9","ts":"2025-12-18T09:41:41.234+08:00","eventName":"n8n.node.started","message":"n8n.node.started","payload":{"workflowId":"1kxUNqSgWbcjN2cZ","workflowName":"My workflow 2","executionId":"31","nodeType":"n8n-nodes-base.telegramTrigger","nodeName":"Telegram Trigger","nodeId":"33ad6699-6ded-4c2f-b061-eba140c3de77"}}
{"__type":"$$EventMessageConfirm","confirm":"e227bb14-b25a-4d96-842c-2583416b1fc9","ts":"2025-12-18T09:41:41.234+08:00","source":{"id":"0","name":"eventBus"}}
{"__type":"$$EventMessageNode","id":"5642bc05-43c9-46d8-a13e-5d495ef23d67","ts":"2025-12-18T09:41:41.234+08:00","eventName":"n8n.node.finished","message":"n8n.node.finished","payload":{"workflowId":"1kxUNqSgWbcjN2cZ","workflowName":"My workflow 2","executionId":"31","nodeType":"n8n-nodes-base.telegramTrigger","nodeName":"Telegram Trigger","nodeId":"33ad6699-6ded-4c2f-b061-eba140c3de77"}}
{"__type":"$$EventMessageConfirm","confirm":"5642bc05-43c9-46d8-a13e-5d495ef23d67","ts":"2025-12-18T09:41:41.234+08:00","source":{"id":"0","name":"eventBus"}}
{"__type":"$$EventMessageNode","id":"4f483b71-d0ad-4c62-883d-a03a07d18686","ts":"2025-12-18T09:41:41.234+08:00","eventName":"n8n.node.started","message":"n8n.node.started","payload":{"workflowId":"1kxUNqSgWbcjN2cZ","workflowName":"My workflow 2","executionId":"31","nodeType":"n8n-nodes-base.if","nodeName":"If","nodeId":"32f37981-104f-4446-b7ef-d9ce6175ebd0"}}
{"__type":"$$EventMessageConfirm","confirm":"4f483b71-d0ad-4c62-883d-a03a07d18686","ts":"2025-12-18T09:41:41.234+08:00","source":{"id":"0","name":"eventBus"}}
{"__type":"$$EventMessageNode","id":"462c33cf-d25f-4f37-b926-ae13400dc84c","ts":"2025-12-18T09:41:41.234+08:00","eventName":"n8n.node.finished","message":"n8n.node.finished","payload":{"workflowId":"1kxUNqSgWbcjN2cZ","workflowName":"My workflow 2","executionId":"31","nodeType":"n8n-nodes-base.if","nodeName":"If","nodeId":"32f37981-104f-4446-b7ef-d9ce6175ebd0"}}
{"__type":"$$EventMessageConfirm","confirm":"462c33cf-d25f-4f37-b926-ae13400dc84c","ts":"2025-12-18T09:41:41.235+08:00","source":{"id":"0","name":"eventBus"}}
{"__type":"$$EventMessageWorkflow","id":"c4b4c4a4-a0a2-4a14-ba64-85de1cab67cb","ts":"2025-12-18T09:41:41.235+08:00","eventName":"n8n.workflow.success","message":"n8n.workflow.success","payload":{"executionId":"31","success":true,"isManual":false,"workflowId":"1kxUNqSgWbcjN2cZ","workflowName":"My workflow 2"}}
{"__type":"$$EventMessageConfirm","confirm":"c4b4c4a4-a0a2-4a14-ba64-85de1cab67cb","ts":"2025-12-18T09:41:41.235+08:00","source":{"id":"0","name":"eventBus"}}
{"__type":"$$EventMessageWorkflow","id":"bf79e01f-99c8-49ef-8891-a29433c32799","ts":"2025-12-18T13:38:42.754+08:00","eventName":"n8n.workflow.started","message":"n8n.workflow.started","payload":{"executionId":"32","workflowId":"1kxUNqSgWbcjN2cZ","isManual":false,"workflowName":"My workflow 2"}}
{"__type":"$$EventMessageConfirm","confirm":"bf79e01f-99c8-49ef-8891-a29433c32799","ts":"2025-12-18T13:38:42.754+08:00","source":{"id":"0","name":"eventBus"}}
{"__type":"$$EventMessageNode","id":"4d86b2e7-da2d-47be-9294-e052a5a73691","ts":"2025-12-18T13:38:42.755+08:00","eventName":"n8n.node.started","message":"n8n.node.started","payload":{"workflowId":"1kxUNqSgWbcjN2cZ","workflowName":"My workflow 2","executionId":"32","nodeType":"n8n-nodes-base.telegramTrigger","nodeName":"Telegram Trigger","nodeId":"33ad6699-6ded-4c2f-b061-eba140c3de77"}}
{"__type":"$$EventMessageConfirm","confirm":"4d86b2e7-da2d-47be-9294-e052a5a73691","ts":"2025-12-18T13:38:42.755+08:00","source":{"id":"0","name":"eventBus"}}
{"__type":"$$EventMessageNode","id":"70413b7f-2647-4c22-9ad7-5972baa29d0c","ts":"2025-12-18T13:38:42.756+08:00","eventName":"n8n.node.finished","message":"n8n.node.finished","payload":{"workflowId":"1kxUNqSgWbcjN2cZ","workflowName":"My workflow 2","executionId":"32","nodeType":"n8n-nodes-base.telegramTrigger","nodeName":"Telegram Trigger","nodeId":"33ad6699-6ded-4c2f-b061-eba140c3de77"}}
{"__type":"$$EventMessageConfirm","confirm":"70413b7f-2647-4c22-9ad7-5972baa29d0c","ts":"2025-12-18T13:38:42.756+08:00","source":{"id":"0","name":"eventBus"}}
{"__type":"$$EventMessageNode","id":"97f68a4d-98cf-43ca-913c-06257e637e6b","ts":"2025-12-18T13:38:42.756+08:00","eventName":"n8n.node.started","message":"n8n.node.started","payload":{"workflowId":"1kxUNqSgWbcjN2cZ","workflowName":"My workflow 2","executionId":"32","nodeType":"n8n-nodes-base.if","nodeName":"If","nodeId":"32f37981-104f-4446-b7ef-d9ce6175ebd0"}}
{"__type":"$$EventMessageConfirm","confirm":"97f68a4d-98cf-43ca-913c-06257e637e6b","ts":"2025-12-18T13:38:42.756+08:00","source":{"id":"0","name":"eventBus"}}
{"__type":"$$EventMessageNode","id":"1d349e23-a0d2-4948-9091-77fe01f3c7d5","ts":"2025-12-18T13:38:42.760+08:00","eventName":"n8n.node.finished","message":"n8n.node.finished","payload":{"workflowId":"1kxUNqSgWbcjN2cZ","workflowName":"My workflow 2","executionId":"32","nodeType":"n8n-nodes-base.if","nodeName":"If","nodeId":"32f37981-104f-4446-b7ef-d9ce6175ebd0"}}
{"__type":"$$EventMessageConfirm","confirm":"1d349e23-a0d2-4948-9091-77fe01f3c7d5","ts":"2025-12-18T13:38:42.760+08:00","source":{"id":"0","name":"eventBus"}}
{"__type":"$$EventMessageWorkflow","id":"4b7262c3-6fe4-432e-aa1b-6412ba11bd57","ts":"2025-12-18T13:38:42.761+08:00","eventName":"n8n.workflow.success","message":"n8n.workflow.success","payload":{"executionId":"32","success":true,"isManual":false,"workflowId":"1kxUNqSgWbcjN2cZ","workflowName":"My workflow 2"}}
{"__type":"$$EventMessageConfirm","confirm":"4b7262c3-6fe4-432e-aa1b-6412ba11bd57","ts":"2025-12-18T13:38:42.761+08:00","source":{"id":"0","name":"eventBus"}}
{"__type":"$$EventMessageWorkflow","id":"ac80afcf-8820-44e0-8a4f-e871d9389072","ts":"2025-12-18T13:38:52.552+08:00","eventName":"n8n.workflow.started","message":"n8n.workflow.started","payload":{"executionId":"33","workflowId":"1kxUNqSgWbcjN2cZ","isManual":false,"workflowName":"My workflow 2"}}
{"__type":"$$EventMessageConfirm","confirm":"ac80afcf-8820-44e0-8a4f-e871d9389072","ts":"2025-12-18T13:38:52.552+08:00","source":{"id":"0","name":"eventBus"}}
{"__type":"$$EventMessageNode","id":"3b37afdc-a240-45f1-a0f8-7c2d93a362d2","ts":"2025-12-18T13:38:52.552+08:00","eventName":"n8n.node.started","message":"n8n.node.started","payload":{"workflowId":"1kxUNqSgWbcjN2cZ","workflowName":"My workflow 2","executionId":"33","nodeType":"n8n-nodes-base.telegramTrigger","nodeName":"Telegram Trigger","nodeId":"33ad6699-6ded-4c2f-b061-eba140c3de77"}}
{"__type":"$$EventMessageConfirm","confirm":"3b37afdc-a240-45f1-a0f8-7c2d93a362d2","ts":"2025-12-18T13:38:52.552+08:00","source":{"id":"0","name":"eventBus"}}
{"__type":"$$EventMessageNode","id":"7dc05bce-7c51-4d99-a805-2778a24b4f2d","ts":"2025-12-18T13:38:52.553+08:00","eventName":"n8n.node.finished","message":"n8n.node.finished","payload":{"workflowId":"1kxUNqSgWbcjN2cZ","workflowName":"My workflow 2","executionId":"33","nodeType":"n8n-nodes-base.telegramTrigger","nodeName":"Telegram Trigger","nodeId":"33ad6699-6ded-4c2f-b061-eba140c3de77"}}
{"__type":"$$EventMessageConfirm","confirm":"7dc05bce-7c51-4d99-a805-2778a24b4f2d","ts":"2025-12-18T13:38:52.553+08:00","source":{"id":"0","name":"eventBus"}}
{"__type":"$$EventMessageNode","id":"6df76209-d806-4966-a99c-a43b4648c383","ts":"2025-12-18T13:38:52.553+08:00","eventName":"n8n.node.started","message":"n8n.node.started","payload":{"workflowId":"1kxUNqSgWbcjN2cZ","workflowName":"My workflow 2","executionId":"33","nodeType":"n8n-nodes-base.if","nodeName":"If","nodeId":"32f37981-104f-4446-b7ef-d9ce6175ebd0"}}
{"__type":"$$EventMessageConfirm","confirm":"6df76209-d806-4966-a99c-a43b4648c383","ts":"2025-12-18T13:38:52.553+08:00","source":{"id":"0","name":"eventBus"}}
{"__type":"$$EventMessageNode","id":"530f6551-aa66-43c8-bb26-e73b9cb56402","ts":"2025-12-18T13:38:52.554+08:00","eventName":"n8n.node.finished","message":"n8n.node.finished","payload":{"workflowId":"1kxUNqSgWbcjN2cZ","workflowName":"My workflow 2","executionId":"33","nodeType":"n8n-nodes-base.if","nodeName":"If","nodeId":"32f37981-104f-4446-b7ef-d9ce6175ebd0"}}
{"__type":"$$EventMessageConfirm","confirm":"530f6551-aa66-43c8-bb26-e73b9cb56402","ts":"2025-12-18T13:38:52.555+08:00","source":{"id":"0","name":"eventBus"}}
{"__type":"$$EventMessageWorkflow","id":"32d7f852-9089-4081-8891-60bae94e1802","ts":"2025-12-18T13:38:52.555+08:00","eventName":"n8n.workflow.success","message":"n8n.workflow.success","payload":{"executionId":"33","success":true,"isManual":false,"workflowId":"1kxUNqSgWbcjN2cZ","workflowName":"My workflow 2"}}
{"__type":"$$EventMessageConfirm","confirm":"32d7f852-9089-4081-8891-60bae94e1802","ts":"2025-12-18T13:38:52.555+08:00","source":{"id":"0","name":"eventBus"}}
{"__type":"$$EventMessageWorkflow","id":"5bd102fe-657e-4e77-bdb4-eddf49064522","ts":"2025-12-18T21:19:56.017+08:00","eventName":"n8n.workflow.started","message":"n8n.workflow.started","payload":{"executionId":"34","workflowId":"1kxUNqSgWbcjN2cZ","isManual":false,"workflowName":"My workflow 2"}}
{"__type":"$$EventMessageConfirm","confirm":"5bd102fe-657e-4e77-bdb4-eddf49064522","ts":"2025-12-18T21:19:56.017+08:00","source":{"id":"0","name":"eventBus"}}
{"__type":"$$EventMessageNode","id":"0c5dd74e-12c5-4d86-b6ee-5bd76848d54b","ts":"2025-12-18T21:19:56.018+08:00","eventName":"n8n.node.started","message":"n8n.node.started","payload":{"workflowId":"1kxUNqSgWbcjN2cZ","workflowName":"My workflow 2","executionId":"34","nodeType":"n8n-nodes-base.telegramTrigger","nodeName":"Telegram Trigger","nodeId":"33ad6699-6ded-4c2f-b061-eba140c3de77"}}
{"__type":"$$EventMessageConfirm","confirm":"0c5dd74e-12c5-4d86-b6ee-5bd76848d54b","ts":"2025-12-18T21:19:56.018+08:00","source":{"id":"0","name":"eventBus"}}
{"__type":"$$EventMessageNode","id":"6cb32d54-d064-456d-8c18-f8356ae48f3f","ts":"2025-12-18T21:19:56.019+08:00","eventName":"n8n.node.finished","message":"n8n.node.finished","payload":{"workflowId":"1kxUNqSgWbcjN2cZ","workflowName":"My workflow 2","executionId":"34","nodeType":"n8n-nodes-base.telegramTrigger","nodeName":"Telegram Trigger","nodeId":"33ad6699-6ded-4c2f-b061-eba140c3de77"}}
{"__type":"$$EventMessageConfirm","confirm":"6cb32d54-d064-456d-8c18-f8356ae48f3f","ts":"2025-12-18T21:19:56.019+08:00","source":{"id":"0","name":"eventBus"}}
{"__type":"$$EventMessageNode","id":"2305a4ba-bc09-4c19-aec6-4716533d75a5","ts":"2025-12-18T21:19:56.019+08:00","eventName":"n8n.node.started","message":"n8n.node.started","payload":{"workflowId":"1kxUNqSgWbcjN2cZ","workflowName":"My workflow 2","executionId":"34","nodeType":"n8n-nodes-base.if","nodeName":"If","nodeId":"32f37981-104f-4446-b7ef-d9ce6175ebd0"}}
{"__type":"$$EventMessageConfirm","confirm":"2305a4ba-bc09-4c19-aec6-4716533d75a5","ts":"2025-12-18T21:19:56.019+08:00","source":{"id":"0","name":"eventBus"}}
{"__type":"$$EventMessageNode","id":"abe38571-c38a-4309-9359-02c0a63a7b4e","ts":"2025-12-18T21:19:56.021+08:00","eventName":"n8n.node.finished","message":"n8n.node.finished","payload":{"workflowId":"1kxUNqSgWbcjN2cZ","workflowName":"My workflow 2","executionId":"34","nodeType":"n8n-nodes-base.if","nodeName":"If","nodeId":"32f37981-104f-4446-b7ef-d9ce6175ebd0"}}
{"__type":"$$EventMessageConfirm","confirm":"abe38571-c38a-4309-9359-02c0a63a7b4e","ts":"2025-12-18T21:19:56.021+08:00","source":{"id":"0","name":"eventBus"}}
{"__type":"$$EventMessageNode","id":"6bd18cf7-4414-4eed-b2af-b9df09a274a3","ts":"2025-12-18T21:19:56.021+08:00","eventName":"n8n.node.started","message":"n8n.node.started","payload":{"workflowId":"1kxUNqSgWbcjN2cZ","workflowName":"My workflow 2","executionId":"34","nodeType":"n8n-nodes-base.set","nodeName":"Edit Fields","nodeId":"cdd1c4d2-bfbd-4fd9-80a3-694f52511bdc"}}
{"__type":"$$EventMessageConfirm","confirm":"6bd18cf7-4414-4eed-b2af-b9df09a274a3","ts":"2025-12-18T21:19:56.021+08:00","source":{"id":"0","name":"eventBus"}}
{"__type":"$$EventMessageNode","id":"de6c92c5-8f37-4e34-b348-bc37bb0fe1fd","ts":"2025-12-18T21:19:56.022+08:00","eventName":"n8n.node.finished","message":"n8n.node.finished","payload":{"workflowId":"1kxUNqSgWbcjN2cZ","workflowName":"My workflow 2","executionId":"34","nodeType":"n8n-nodes-base.set","nodeName":"Edit Fields","nodeId":"cdd1c4d2-bfbd-4fd9-80a3-694f52511bdc"}}
{"__type":"$$EventMessageConfirm","confirm":"de6c92c5-8f37-4e34-b348-bc37bb0fe1fd","ts":"2025-12-18T21:19:56.023+08:00","source":{"id":"0","name":"eventBus"}}
{"__type":"$$EventMessageNode","id":"9a4ee549-f65d-4708-b877-95eabc7b59d4","ts":"2025-12-18T21:19:56.023+08:00","eventName":"n8n.node.started","message":"n8n.node.started","payload":{"workflowId":"1kxUNqSgWbcjN2cZ","workflowName":"My workflow 2","executionId":"34","nodeType":"n8n-nodes-base.if","nodeName":"If1","nodeId":"dc28f008-25b1-4ebf-a736-9ab64b85fac5"}}
{"__type":"$$EventMessageConfirm","confirm":"9a4ee549-f65d-4708-b877-95eabc7b59d4","ts":"2025-12-18T21:19:56.023+08:00","source":{"id":"0","name":"eventBus"}}
{"__type":"$$EventMessageNode","id":"d3741972-d9e1-4708-afbd-8a5ee535e402","ts":"2025-12-18T21:19:56.023+08:00","eventName":"n8n.node.finished","message":"n8n.node.finished","payload":{"workflowId":"1kxUNqSgWbcjN2cZ","workflowName":"My workflow 2","executionId":"34","nodeType":"n8n-nodes-base.if","nodeName":"If1","nodeId":"dc28f008-25b1-4ebf-a736-9ab64b85fac5"}}
{"__type":"$$EventMessageConfirm","confirm":"d3741972-d9e1-4708-afbd-8a5ee535e402","ts":"2025-12-18T21:19:56.023+08:00","source":{"id":"0","name":"eventBus"}}
{"__type":"$$EventMessageNode","id":"ae0de1e0-ec7d-4b04-8978-1f69dfc529d4","ts":"2025-12-18T21:19:56.023+08:00","eventName":"n8n.node.started","message":"n8n.node.started","payload":{"workflowId":"1kxUNqSgWbcjN2cZ","workflowName":"My workflow 2","executionId":"34","nodeType":"n8n-nodes-base.set","nodeName":"Edit Fields1","nodeId":"aea663ac-06ea-4f7f-85f4-c8eafb3075f8"}}
{"__type":"$$EventMessageConfirm","confirm":"ae0de1e0-ec7d-4b04-8978-1f69dfc529d4","ts":"2025-12-18T21:19:56.023+08:00","source":{"id":"0","name":"eventBus"}}
{"__type":"$$EventMessageNode","id":"84d09355-29e2-40b6-97eb-6bfddc781e33","ts":"2025-12-18T21:19:56.024+08:00","eventName":"n8n.node.finished","message":"n8n.node.finished","payload":{"workflowId":"1kxUNqSgWbcjN2cZ","workflowName":"My workflow 2","executionId":"34","nodeType":"n8n-nodes-base.set","nodeName":"Edit Fields1","nodeId":"aea663ac-06ea-4f7f-85f4-c8eafb3075f8"}}
{"__type":"$$EventMessageConfirm","confirm":"84d09355-29e2-40b6-97eb-6bfddc781e33","ts":"2025-12-18T21:19:56.024+08:00","source":{"id":"0","name":"eventBus"}}
{"__type":"$$EventMessageNode","id":"e9b7d70c-e89d-4d8a-99ba-7832d69c8f77","ts":"2025-12-18T21:19:56.024+08:00","eventName":"n8n.node.started","message":"n8n.node.started","payload":{"workflowId":"1kxUNqSgWbcjN2cZ","workflowName":"My workflow 2","executionId":"34","nodeType":"n8n-nodes-base.httpRequest","nodeName":"HTTP Request","nodeId":"506fd0e3-b8c0-4caf-9eb4-eb3b0159a5b7"}}
{"__type":"$$EventMessageConfirm","confirm":"e9b7d70c-e89d-4d8a-99ba-7832d69c8f77","ts":"2025-12-18T21:19:56.024+08:00","source":{"id":"0","name":"eventBus"}}
{"__type":"$$EventMessageNode","id":"38450c58-5ce6-47aa-8640-21045e874468","ts":"2025-12-18T21:19:56.265+08:00","eventName":"n8n.node.finished","message":"n8n.node.finished","payload":{"workflowId":"1kxUNqSgWbcjN2cZ","workflowName":"My workflow 2","executionId":"34","nodeType":"n8n-nodes-base.httpRequest","nodeName":"HTTP Request","nodeId":"506fd0e3-b8c0-4caf-9eb4-eb3b0159a5b7"}}
{"__type":"$$EventMessageConfirm","confirm":"38450c58-5ce6-47aa-8640-21045e874468","ts":"2025-12-18T21:19:56.265+08:00","source":{"id":"0","name":"eventBus"}}
{"__type":"$$EventMessageWorkflow","id":"62d44785-fcba-4697-8760-0d0f3eb769f7","ts":"2025-12-18T21:19:56.266+08:00","eventName":"n8n.workflow.failed","message":"n8n.workflow.failed","payload":{"executionId":"34","success":false,"isManual":false,"workflowId":"1kxUNqSgWbcjN2cZ","workflowName":"My workflow 2","lastNodeExecuted":"HTTP Request","errorNodeType":"n8n-nodes-base.httpRequest","errorMessage":"The service was not able to process your request"}}
{"__type":"$$EventMessageConfirm","confirm":"62d44785-fcba-4697-8760-0d0f3eb769f7","ts":"2025-12-18T21:19:56.266+08:00","source":{"id":"0","name":"eventBus"}}
{"__type":"$$EventMessageWorkflow","id":"81b5ff98-956a-4ed3-9cb5-7b509d3c3720","ts":"2025-12-19T09:19:21.540+08:00","eventName":"n8n.workflow.started","message":"n8n.workflow.started","payload":{"executionId":"35","workflowId":"1kxUNqSgWbcjN2cZ","isManual":false,"workflowName":"My workflow 2"}}
{"__type":"$$EventMessageConfirm","confirm":"81b5ff98-956a-4ed3-9cb5-7b509d3c3720","ts":"2025-12-19T09:19:21.540+08:00","source":{"id":"0","name":"eventBus"}}
{"__type":"$$EventMessageNode","id":"790bc6b7-d18e-4610-97b8-6e16bc674981","ts":"2025-12-19T09:19:21.541+08:00","eventName":"n8n.node.started","message":"n8n.node.started","payload":{"workflowId":"1kxUNqSgWbcjN2cZ","workflowName":"My workflow 2","executionId":"35","nodeType":"n8n-nodes-base.telegramTrigger","nodeName":"Telegram Trigger","nodeId":"33ad6699-6ded-4c2f-b061-eba140c3de77"}}
{"__type":"$$EventMessageConfirm","confirm":"790bc6b7-d18e-4610-97b8-6e16bc674981","ts":"2025-12-19T09:19:21.541+08:00","source":{"id":"0","name":"eventBus"}}
{"__type":"$$EventMessageNode","id":"400e95b1-103b-42fd-b86a-d64f0ea326b3","ts":"2025-12-19T09:19:21.541+08:00","eventName":"n8n.node.finished","message":"n8n.node.finished","payload":{"workflowId":"1kxUNqSgWbcjN2cZ","workflowName":"My workflow 2","executionId":"35","nodeType":"n8n-nodes-base.telegramTrigger","nodeName":"Telegram Trigger","nodeId":"33ad6699-6ded-4c2f-b061-eba140c3de77"}}
{"__type":"$$EventMessageConfirm","confirm":"400e95b1-103b-42fd-b86a-d64f0ea326b3","ts":"2025-12-19T09:19:21.541+08:00","source":{"id":"0","name":"eventBus"}}
{"__type":"$$EventMessageNode","id":"132ed533-0dc4-40e2-93e7-9427a8a62954","ts":"2025-12-19T09:19:21.541+08:00","eventName":"n8n.node.started","message":"n8n.node.started","payload":{"workflowId":"1kxUNqSgWbcjN2cZ","workflowName":"My workflow 2","executionId":"35","nodeType":"n8n-nodes-base.if","nodeName":"If","nodeId":"32f37981-104f-4446-b7ef-d9ce6175ebd0"}}
{"__type":"$$EventMessageConfirm","confirm":"132ed533-0dc4-40e2-93e7-9427a8a62954","ts":"2025-12-19T09:19:21.541+08:00","source":{"id":"0","name":"eventBus"}}
{"__type":"$$EventMessageNode","id":"32f091ef-4059-44c6-a0ec-c26897f92b6f","ts":"2025-12-19T09:19:21.544+08:00","eventName":"n8n.node.finished","message":"n8n.node.finished","payload":{"workflowId":"1kxUNqSgWbcjN2cZ","workflowName":"My workflow 2","executionId":"35","nodeType":"n8n-nodes-base.if","nodeName":"If","nodeId":"32f37981-104f-4446-b7ef-d9ce6175ebd0"}}
{"__type":"$$EventMessageConfirm","confirm":"32f091ef-4059-44c6-a0ec-c26897f92b6f","ts":"2025-12-19T09:19:21.544+08:00","source":{"id":"0","name":"eventBus"}}
{"__type":"$$EventMessageNode","id":"999a309f-4740-4787-badf-0d54b78c0285","ts":"2025-12-19T09:19:21.544+08:00","eventName":"n8n.node.started","message":"n8n.node.started","payload":{"workflowId":"1kxUNqSgWbcjN2cZ","workflowName":"My workflow 2","executionId":"35","nodeType":"n8n-nodes-base.set","nodeName":"Edit Fields","nodeId":"cdd1c4d2-bfbd-4fd9-80a3-694f52511bdc"}}
{"__type":"$$EventMessageConfirm","confirm":"999a309f-4740-4787-badf-0d54b78c0285","ts":"2025-12-19T09:19:21.544+08:00","source":{"id":"0","name":"eventBus"}}
{"__type":"$$EventMessageNode","id":"df9ecfe5-d9fe-4a71-a72b-c89e95007161","ts":"2025-12-19T09:19:21.547+08:00","eventName":"n8n.node.finished","message":"n8n.node.finished","payload":{"workflowId":"1kxUNqSgWbcjN2cZ","workflowName":"My workflow 2","executionId":"35","nodeType":"n8n-nodes-base.set","nodeName":"Edit Fields","nodeId":"cdd1c4d2-bfbd-4fd9-80a3-694f52511bdc"}}
{"__type":"$$EventMessageConfirm","confirm":"df9ecfe5-d9fe-4a71-a72b-c89e95007161","ts":"2025-12-19T09:19:21.547+08:00","source":{"id":"0","name":"eventBus"}}
{"__type":"$$EventMessageNode","id":"26724fce-e5a7-4676-ae2e-f27a4f39f5ba","ts":"2025-12-19T09:19:21.547+08:00","eventName":"n8n.node.started","message":"n8n.node.started","payload":{"workflowId":"1kxUNqSgWbcjN2cZ","workflowName":"My workflow 2","executionId":"35","nodeType":"n8n-nodes-base.if","nodeName":"If1","nodeId":"dc28f008-25b1-4ebf-a736-9ab64b85fac5"}}
{"__type":"$$EventMessageConfirm","confirm":"26724fce-e5a7-4676-ae2e-f27a4f39f5ba","ts":"2025-12-19T09:19:21.547+08:00","source":{"id":"0","name":"eventBus"}}
{"__type":"$$EventMessageNode","id":"708ab4a5-3cb0-4a9f-9e85-d678a184add0","ts":"2025-12-19T09:19:21.548+08:00","eventName":"n8n.node.finished","message":"n8n.node.finished","payload":{"workflowId":"1kxUNqSgWbcjN2cZ","workflowName":"My workflow 2","executionId":"35","nodeType":"n8n-nodes-base.if","nodeName":"If1","nodeId":"dc28f008-25b1-4ebf-a736-9ab64b85fac5"}}
{"__type":"$$EventMessageConfirm","confirm":"708ab4a5-3cb0-4a9f-9e85-d678a184add0","ts":"2025-12-19T09:19:21.548+08:00","source":{"id":"0","name":"eventBus"}}
{"__type":"$$EventMessageNode","id":"1d61fe28-8497-4eb3-8d0c-cad4301fccfc","ts":"2025-12-19T09:19:21.548+08:00","eventName":"n8n.node.started","message":"n8n.node.started","payload":{"workflowId":"1kxUNqSgWbcjN2cZ","workflowName":"My workflow 2","executionId":"35","nodeType":"n8n-nodes-base.set","nodeName":"Edit Fields1","nodeId":"aea663ac-06ea-4f7f-85f4-c8eafb3075f8"}}
{"__type":"$$EventMessageConfirm","confirm":"1d61fe28-8497-4eb3-8d0c-cad4301fccfc","ts":"2025-12-19T09:19:21.548+08:00","source":{"id":"0","name":"eventBus"}}
{"__type":"$$EventMessageNode","id":"ea962484-7b9d-428d-a39a-8efb5044b358","ts":"2025-12-19T09:19:21.548+08:00","eventName":"n8n.node.finished","message":"n8n.node.finished","payload":{"workflowId":"1kxUNqSgWbcjN2cZ","workflowName":"My workflow 2","executionId":"35","nodeType":"n8n-nodes-base.set","nodeName":"Edit Fields1","nodeId":"aea663ac-06ea-4f7f-85f4-c8eafb3075f8"}}
{"__type":"$$EventMessageConfirm","confirm":"ea962484-7b9d-428d-a39a-8efb5044b358","ts":"2025-12-19T09:19:21.549+08:00","source":{"id":"0","name":"eventBus"}}
{"__type":"$$EventMessageNode","id":"5658bb6b-3ba8-491d-8cd3-55f44cbac080","ts":"2025-12-19T09:19:21.549+08:00","eventName":"n8n.node.started","message":"n8n.node.started","payload":{"workflowId":"1kxUNqSgWbcjN2cZ","workflowName":"My workflow 2","executionId":"35","nodeType":"n8n-nodes-base.httpRequest","nodeName":"HTTP Request","nodeId":"506fd0e3-b8c0-4caf-9eb4-eb3b0159a5b7"}}
{"__type":"$$EventMessageConfirm","confirm":"5658bb6b-3ba8-491d-8cd3-55f44cbac080","ts":"2025-12-19T09:19:21.549+08:00","source":{"id":"0","name":"eventBus"}}
{"__type":"$$EventMessageNode","id":"a03e9d7e-1dfd-441c-81df-0656411a98cc","ts":"2025-12-19T09:19:21.600+08:00","eventName":"n8n.node.finished","message":"n8n.node.finished","payload":{"workflowId":"1kxUNqSgWbcjN2cZ","workflowName":"My workflow 2","executionId":"35","nodeType":"n8n-nodes-base.httpRequest","nodeName":"HTTP Request","nodeId":"506fd0e3-b8c0-4caf-9eb4-eb3b0159a5b7"}}
{"__type":"$$EventMessageConfirm","confirm":"a03e9d7e-1dfd-441c-81df-0656411a98cc","ts":"2025-12-19T09:19:21.600+08:00","source":{"id":"0","name":"eventBus"}}
{"__type":"$$EventMessageWorkflow","id":"cf830d3c-5e2b-4f36-8871-e661027b7553","ts":"2025-12-19T09:19:21.601+08:00","eventName":"n8n.workflow.failed","message":"n8n.workflow.failed","payload":{"executionId":"35","success":false,"isManual":false,"workflowId":"1kxUNqSgWbcjN2cZ","workflowName":"My workflow 2","lastNodeExecuted":"HTTP Request","errorNodeType":"n8n-nodes-base.httpRequest","errorMessage":"The service was not able to process your request"}}
{"__type":"$$EventMessageConfirm","confirm":"cf830d3c-5e2b-4f36-8871-e661027b7553","ts":"2025-12-19T09:19:21.601+08:00","source":{"id":"0","name":"eventBus"}}
