{"__type":"$$EventMessageWorkflow","id":"44bc298f-fbe9-494e-a4c9-24412b33e4c5","ts":"2025-12-17T07:03:07.994+00:00","eventName":"n8n.workflow.started","message":"n8n.workflow.started","payload":{"executionId":"26","workflowId":"1kxUNqSgWbcjN2cZ","isManual":false,"workflowName":"My workflow 2"}}
{"__type":"$$EventMessageConfirm","confirm":"44bc298f-fbe9-494e-a4c9-24412b33e4c5","ts":"2025-12-17T07:03:07.995+00:00","source":{"id":"0","name":"eventBus"}}
{"__type":"$$EventMessageNode","id":"f18da004-6651-447b-ba14-e880a985ff43","ts":"2025-12-17T07:03:07.995+00:00","eventName":"n8n.node.started","message":"n8n.node.started","payload":{"workflowId":"1kxUNqSgWbcjN2cZ","workflowName":"My workflow 2","executionId":"26","nodeType":"n8n-nodes-base.telegramTrigger","nodeName":"Telegram Trigger","nodeId":"33ad6699-6ded-4c2f-b061-eba140c3de77"}}
{"__type":"$$EventMessageConfirm","confirm":"f18da004-6651-447b-ba14-e880a985ff43","ts":"2025-12-17T07:03:07.995+00:00","source":{"id":"0","name":"eventBus"}}
{"__type":"$$EventMessageNode","id":"29875291-1e8f-4702-8b98-ccb9ae258c36","ts":"2025-12-17T07:03:07.997+00:00","eventName":"n8n.node.finished","message":"n8n.node.finished","payload":{"workflowId":"1kxUNqSgWbcjN2cZ","workflowName":"My workflow 2","executionId":"26","nodeType":"n8n-nodes-base.telegramTrigger","nodeName":"Telegram Trigger","nodeId":"33ad6699-6ded-4c2f-b061-eba140c3de77"}}
{"__type":"$$EventMessageConfirm","confirm":"29875291-1e8f-4702-8b98-ccb9ae258c36","ts":"2025-12-17T07:03:07.997+00:00","source":{"id":"0","name":"eventBus"}}
{"__type":"$$EventMessageNode","id":"b1825a9a-24cb-4dbf-83ac-56ce88b6d6b4","ts":"2025-12-17T07:03:07.998+00:00","eventName":"n8n.node.started","message":"n8n.node.started","payload":{"workflowId":"1kxUNqSgWbcjN2cZ","workflowName":"My workflow 2","executionId":"26","nodeType":"n8n-nodes-base.if","nodeName":"If","nodeId":"32f37981-104f-4446-b7ef-d9ce6175ebd0"}}
{"__type":"$$EventMessageConfirm","confirm":"b1825a9a-24cb-4dbf-83ac-56ce88b6d6b4","ts":"2025-12-17T07:03:07.998+00:00","source":{"id":"0","name":"eventBus"}}
{"__type":"$$EventMessageNode","id":"57199627-1320-40ea-967f-6b30f5a9c519","ts":"2025-12-17T15:03:08.027+08:00","eventName":"n8n.node.finished","message":"n8n.node.finished","payload":{"workflowId":"1kxUNqSgWbcjN2cZ","workflowName":"My workflow 2","executionId":"26","nodeType":"n8n-nodes-base.if","nodeName":"If","nodeId":"32f37981-104f-4446-b7ef-d9ce6175ebd0"}}
{"__type":"$$EventMessageConfirm","confirm":"57199627-1320-40ea-967f-6b30f5a9c519","ts":"2025-12-17T15:03:08.027+08:00","source":{"id":"0","name":"eventBus"}}
{"__type":"$$EventMessageNode","id":"1c99daed-7022-416f-a0ce-fa7bb831e1c1","ts":"2025-12-17T15:03:08.027+08:00","eventName":"n8n.node.started","message":"n8n.node.started","payload":{"workflowId":"1kxUNqSgWbcjN2cZ","workflowName":"My workflow 2","executionId":"26","nodeType":"n8n-nodes-base.set","nodeName":"Edit Fields","nodeId":"cdd1c4d2-bfbd-4fd9-80a3-694f52511bdc"}}
{"__type":"$$EventMessageConfirm","confirm":"1c99daed-7022-416f-a0ce-fa7bb831e1c1","ts":"2025-12-17T15:03:08.027+08:00","source":{"id":"0","name":"eventBus"}}
{"__type":"$$EventMessageNode","id":"53634603-6be8-4362-8098-9e04e1dff6ab","ts":"2025-12-17T15:03:08.037+08:00","eventName":"n8n.node.finished","message":"n8n.node.finished","payload":{"workflowId":"1kxUNqSgWbcjN2cZ","workflowName":"My workflow 2","executionId":"26","nodeType":"n8n-nodes-base.set","nodeName":"Edit Fields","nodeId":"cdd1c4d2-bfbd-4fd9-80a3-694f52511bdc"}}
{"__type":"$$EventMessageConfirm","confirm":"53634603-6be8-4362-8098-9e04e1dff6ab","ts":"2025-12-17T15:03:08.037+08:00","source":{"id":"0","name":"eventBus"}}
{"__type":"$$EventMessageNode","id":"3fd3c564-38d7-4438-b1a3-946635de98ea","ts":"2025-12-17T15:03:08.037+08:00","eventName":"n8n.node.started","message":"n8n.node.started","payload":{"workflowId":"1kxUNqSgWbcjN2cZ","workflowName":"My workflow 2","executionId":"26","nodeType":"n8n-nodes-base.if","nodeName":"If1","nodeId":"dc28f008-25b1-4ebf-a736-9ab64b85fac5"}}
{"__type":"$$EventMessageConfirm","confirm":"3fd3c564-38d7-4438-b1a3-946635de98ea","ts":"2025-12-17T15:03:08.037+08:00","source":{"id":"0","name":"eventBus"}}
{"__type":"$$EventMessageNode","id":"5c519533-84ac-41f4-a6db-677e495e2ac9","ts":"2025-12-17T15:03:08.038+08:00","eventName":"n8n.node.finished","message":"n8n.node.finished","payload":{"workflowId":"1kxUNqSgWbcjN2cZ","workflowName":"My workflow 2","executionId":"26","nodeType":"n8n-nodes-base.if","nodeName":"If1","nodeId":"dc28f008-25b1-4ebf-a736-9ab64b85fac5"}}
{"__type":"$$EventMessageConfirm","confirm":"5c519533-84ac-41f4-a6db-677e495e2ac9","ts":"2025-12-17T15:03:08.038+08:00","source":{"id":"0","name":"eventBus"}}
{"__type":"$$EventMessageNode","id":"ecdf7b8d-a38b-4970-b22a-50e5d9e26344","ts":"2025-12-17T15:03:08.038+08:00","eventName":"n8n.node.started","message":"n8n.node.started","payload":{"workflowId":"1kxUNqSgWbcjN2cZ","workflowName":"My workflow 2","executionId":"26","nodeType":"n8n-nodes-base.set","nodeName":"Edit Fields1","nodeId":"aea663ac-06ea-4f7f-85f4-c8eafb3075f8"}}
{"__type":"$$EventMessageConfirm","confirm":"ecdf7b8d-a38b-4970-b22a-50e5d9e26344","ts":"2025-12-17T15:03:08.038+08:00","source":{"id":"0","name":"eventBus"}}
{"__type":"$$EventMessageNode","id":"00414508-b022-424d-b498-3605b89131bf","ts":"2025-12-17T15:03:08.046+08:00","eventName":"n8n.node.finished","message":"n8n.node.finished","payload":{"workflowId":"1kxUNqSgWbcjN2cZ","workflowName":"My workflow 2","executionId":"26","nodeType":"n8n-nodes-base.set","nodeName":"Edit Fields1","nodeId":"aea663ac-06ea-4f7f-85f4-c8eafb3075f8"}}
{"__type":"$$EventMessageConfirm","confirm":"00414508-b022-424d-b498-3605b89131bf","ts":"2025-12-17T15:03:08.046+08:00","source":{"id":"0","name":"eventBus"}}
{"__type":"$$EventMessageNode","id":"27b34873-08ef-4c30-82ea-972bc39b12e4","ts":"2025-12-17T15:03:08.046+08:00","eventName":"n8n.node.started","message":"n8n.node.started","payload":{"workflowId":"1kxUNqSgWbcjN2cZ","workflowName":"My workflow 2","executionId":"26","nodeType":"n8n-nodes-base.httpRequest","nodeName":"HTTP Request","nodeId":"506fd0e3-b8c0-4caf-9eb4-eb3b0159a5b7"}}
{"__type":"$$EventMessageConfirm","confirm":"27b34873-08ef-4c30-82ea-972bc39b12e4","ts":"2025-12-17T15:03:08.046+08:00","source":{"id":"0","name":"eventBus"}}
{"__type":"$$EventMessageNode","id":"f969b987-e1e4-4287-8ba8-0af10db26199","ts":"2025-12-17T15:03:11.830+08:00","eventName":"n8n.node.finished","message":"n8n.node.finished","payload":{"workflowId":"1kxUNqSgWbcjN2cZ","workflowName":"My workflow 2","executionId":"26","nodeType":"n8n-nodes-base.httpRequest","nodeName":"HTTP Request","nodeId":"506fd0e3-b8c0-4caf-9eb4-eb3b0159a5b7"}}
{"__type":"$$EventMessageConfirm","confirm":"f969b987-e1e4-4287-8ba8-0af10db26199","ts":"2025-12-17T15:03:11.830+08:00","source":{"id":"0","name":"eventBus"}}
{"__type":"$$EventMessageNode","id":"cc9051d1-adf7-408a-884a-4ef826143dcc","ts":"2025-12-17T15:03:11.830+08:00","eventName":"n8n.node.started","message":"n8n.node.started","payload":{"workflowId":"1kxUNqSgWbcjN2cZ","workflowName":"My workflow 2","executionId":"26","nodeType":"n8n-nodes-base.code","nodeName":"Code in JavaScript","nodeId":"bfcb1ccf-7954-419a-a0e3-23d703db9922"}}
{"__type":"$$EventMessageConfirm","confirm":"cc9051d1-adf7-408a-884a-4ef826143dcc","ts":"2025-12-17T15:03:11.831+08:00","source":{"id":"0","name":"eventBus"}}
{"__type":"$$EventMessageRunner","id":"1304c4c2-fff4-4aa2-959e-ef43f5c5f519","ts":"2025-12-17T15:03:11.834+08:00","eventName":"n8n.runner.task.requested","message":"n8n.runner.task.requested","payload":{"taskId":"JDxtvKvp","nodeId":"bfcb1ccf-7954-419a-a0e3-23d703db9922","workflowId":"1kxUNqSgWbcjN2cZ","executionId":"26"}}
{"__type":"$$EventMessageConfirm","confirm":"1304c4c2-fff4-4aa2-959e-ef43f5c5f519","ts":"2025-12-17T15:03:11.834+08:00","source":{"id":"0","name":"eventBus"}}
{"__type":"$$EventMessageRunner","id":"977f8eaf-7936-4bda-882a-a57ab7e652e9","ts":"2025-12-17T15:03:11.927+08:00","eventName":"n8n.runner.response.received","message":"n8n.runner.response.received","payload":{"taskId":"JDxtvKvp","nodeId":"bfcb1ccf-7954-419a-a0e3-23d703db9922","workflowId":"1kxUNqSgWbcjN2cZ","executionId":"26"}}
{"__type":"$$EventMessageConfirm","confirm":"977f8eaf-7936-4bda-882a-a57ab7e652e9","ts":"2025-12-17T15:03:11.927+08:00","source":{"id":"0","name":"eventBus"}}
{"__type":"$$EventMessageNode","id":"e335b25a-78e9-4fcb-aa05-8b994e77d567","ts":"2025-12-17T15:03:11.928+08:00","eventName":"n8n.node.finished","message":"n8n.node.finished","payload":{"workflowId":"1kxUNqSgWbcjN2cZ","workflowName":"My workflow 2","executionId":"26","nodeType":"n8n-nodes-base.code","nodeName":"Code in JavaScript","nodeId":"bfcb1ccf-7954-419a-a0e3-23d703db9922"}}
{"__type":"$$EventMessageConfirm","confirm":"e335b25a-78e9-4fcb-aa05-8b994e77d567","ts":"2025-12-17T15:03:11.928+08:00","source":{"id":"0","name":"eventBus"}}
{"__type":"$$EventMessageNode","id":"f21ff7ac-637a-4dbe-933a-66741d252f96","ts":"2025-12-17T15:03:11.928+08:00","eventName":"n8n.node.started","message":"n8n.node.started","payload":{"workflowId":"1kxUNqSgWbcjN2cZ","workflowName":"My workflow 2","executionId":"26","nodeType":"n8n-nodes-base.telegram","nodeName":"Send a photo message","nodeId":"108032ea-35d9-41cf-a3af-b10d838b27ac"}}
{"__type":"$$EventMessageConfirm","confirm":"f21ff7ac-637a-4dbe-933a-66741d252f96","ts":"2025-12-17T15:03:11.929+08:00","source":{"id":"0","name":"eventBus"}}
{"__type":"$$EventMessageNode","id":"d7463f54-fc52-4d57-8196-d949e0a8e8f5","ts":"2025-12-17T15:03:15.502+08:00","eventName":"n8n.node.finished","message":"n8n.node.finished","payload":{"workflowId":"1kxUNqSgWbcjN2cZ","workflowName":"My workflow 2","executionId":"26","nodeType":"n8n-nodes-base.telegram","nodeName":"Send a photo message","nodeId":"108032ea-35d9-41cf-a3af-b10d838b27ac"}}
{"__type":"$$EventMessageConfirm","confirm":"d7463f54-fc52-4d57-8196-d949e0a8e8f5","ts":"2025-12-17T15:03:15.503+08:00","source":{"id":"0","name":"eventBus"}}
{"__type":"$$EventMessageWorkflow","id":"08c86170-f5ba-4f3d-a28a-9f6f283cf31e","ts":"2025-12-17T15:03:15.505+08:00","eventName":"n8n.workflow.success","message":"n8n.workflow.success","payload":{"executionId":"26","success":true,"isManual":false,"workflowId":"1kxUNqSgWbcjN2cZ","workflowName":"My workflow 2"}}
{"__type":"$$EventMessageConfirm","confirm":"08c86170-f5ba-4f3d-a28a-9f6f283cf31e","ts":"2025-12-17T15:03:15.505+08:00","source":{"id":"0","name":"eventBus"}}
{"__type":"$$EventMessageWorkflow","id":"8b48587d-2752-4a04-a7a6-4d54de2be383","ts":"2025-12-17T15:03:34.279+08:00","eventName":"n8n.workflow.started","message":"n8n.workflow.started","payload":{"executionId":"27","workflowId":"1kxUNqSgWbcjN2cZ","isManual":false,"workflowName":"My workflow 2"}}
{"__type":"$$EventMessageConfirm","confirm":"8b48587d-2752-4a04-a7a6-4d54de2be383","ts":"2025-12-17T15:03:34.279+08:00","source":{"id":"0","name":"eventBus"}}
{"__type":"$$EventMessageNode","id":"6e5ef480-af1c-46e9-a72f-4ea9cff1f5fe","ts":"2025-12-17T15:03:34.280+08:00","eventName":"n8n.node.started","message":"n8n.node.started","payload":{"workflowId":"1kxUNqSgWbcjN2cZ","workflowName":"My workflow 2","executionId":"27","nodeType":"n8n-nodes-base.telegramTrigger","nodeName":"Telegram Trigger","nodeId":"33ad6699-6ded-4c2f-b061-eba140c3de77"}}
{"__type":"$$EventMessageConfirm","confirm":"6e5ef480-af1c-46e9-a72f-4ea9cff1f5fe","ts":"2025-12-17T15:03:34.280+08:00","source":{"id":"0","name":"eventBus"}}
{"__type":"$$EventMessageNode","id":"91b99402-94bc-44db-ab95-85a6e8a9a68f","ts":"2025-12-17T15:03:34.280+08:00","eventName":"n8n.node.finished","message":"n8n.node.finished","payload":{"workflowId":"1kxUNqSgWbcjN2cZ","workflowName":"My workflow 2","executionId":"27","nodeType":"n8n-nodes-base.telegramTrigger","nodeName":"Telegram Trigger","nodeId":"33ad6699-6ded-4c2f-b061-eba140c3de77"}}
{"__type":"$$EventMessageConfirm","confirm":"91b99402-94bc-44db-ab95-85a6e8a9a68f","ts":"2025-12-17T15:03:34.281+08:00","source":{"id":"0","name":"eventBus"}}
{"__type":"$$EventMessageNode","id":"3707cd3d-6266-473d-974a-fcebaf840b08","ts":"2025-12-17T15:03:34.281+08:00","eventName":"n8n.node.started","message":"n8n.node.started","payload":{"workflowId":"1kxUNqSgWbcjN2cZ","workflowName":"My workflow 2","executionId":"27","nodeType":"n8n-nodes-base.if","nodeName":"If","nodeId":"32f37981-104f-4446-b7ef-d9ce6175ebd0"}}
{"__type":"$$EventMessageConfirm","confirm":"3707cd3d-6266-473d-974a-fcebaf840b08","ts":"2025-12-17T15:03:34.281+08:00","source":{"id":"0","name":"eventBus"}}
{"__type":"$$EventMessageNode","id":"15a1ccd8-929c-44a7-8d0d-1db9d18f0a78","ts":"2025-12-17T15:03:34.282+08:00","eventName":"n8n.node.finished","message":"n8n.node.finished","payload":{"workflowId":"1kxUNqSgWbcjN2cZ","workflowName":"My workflow 2","executionId":"27","nodeType":"n8n-nodes-base.if","nodeName":"If","nodeId":"32f37981-104f-4446-b7ef-d9ce6175ebd0"}}
{"__type":"$$EventMessageConfirm","confirm":"15a1ccd8-929c-44a7-8d0d-1db9d18f0a78","ts":"2025-12-17T15:03:34.282+08:00","source":{"id":"0","name":"eventBus"}}
{"__type":"$$EventMessageNode","id":"534083f4-0768-4ea0-9295-5aa1e3a46969","ts":"2025-12-17T15:03:34.282+08:00","eventName":"n8n.node.started","message":"n8n.node.started","payload":{"workflowId":"1kxUNqSgWbcjN2cZ","workflowName":"My workflow 2","executionId":"27","nodeType":"n8n-nodes-base.set","nodeName":"Edit Fields","nodeId":"cdd1c4d2-bfbd-4fd9-80a3-694f52511bdc"}}
{"__type":"$$EventMessageConfirm","confirm":"534083f4-0768-4ea0-9295-5aa1e3a46969","ts":"2025-12-17T15:03:34.282+08:00","source":{"id":"0","name":"eventBus"}}
{"__type":"$$EventMessageNode","id":"762fa866-0cf9-451b-8ab0-c70bda34bb9d","ts":"2025-12-17T15:03:34.284+08:00","eventName":"n8n.node.finished","message":"n8n.node.finished","payload":{"workflowId":"1kxUNqSgWbcjN2cZ","workflowName":"My workflow 2","executionId":"27","nodeType":"n8n-nodes-base.set","nodeName":"Edit Fields","nodeId":"cdd1c4d2-bfbd-4fd9-80a3-694f52511bdc"}}
{"__type":"$$EventMessageConfirm","confirm":"762fa866-0cf9-451b-8ab0-c70bda34bb9d","ts":"2025-12-17T15:03:34.284+08:00","source":{"id":"0","name":"eventBus"}}
{"__type":"$$EventMessageNode","id":"8894531c-8c7e-4e71-ba70-dc6e186b7b22","ts":"2025-12-17T15:03:34.284+08:00","eventName":"n8n.node.started","message":"n8n.node.started","payload":{"workflowId":"1kxUNqSgWbcjN2cZ","workflowName":"My workflow 2","executionId":"27","nodeType":"n8n-nodes-base.if","nodeName":"If1","nodeId":"dc28f008-25b1-4ebf-a736-9ab64b85fac5"}}
{"__type":"$$EventMessageConfirm","confirm":"8894531c-8c7e-4e71-ba70-dc6e186b7b22","ts":"2025-12-17T15:03:34.284+08:00","source":{"id":"0","name":"eventBus"}}
{"__type":"$$EventMessageNode","id":"92e282cc-e9d8-4d46-a69c-b11f2d75bb02","ts":"2025-12-17T15:03:34.284+08:00","eventName":"n8n.node.finished","message":"n8n.node.finished","payload":{"workflowId":"1kxUNqSgWbcjN2cZ","workflowName":"My workflow 2","executionId":"27","nodeType":"n8n-nodes-base.if","nodeName":"If1","nodeId":"dc28f008-25b1-4ebf-a736-9ab64b85fac5"}}
{"__type":"$$EventMessageConfirm","confirm":"92e282cc-e9d8-4d46-a69c-b11f2d75bb02","ts":"2025-12-17T15:03:34.284+08:00","source":{"id":"0","name":"eventBus"}}
{"__type":"$$EventMessageNode","id":"46cdd3a7-c327-476c-bc5e-7b342077e4e9","ts":"2025-12-17T15:03:34.284+08:00","eventName":"n8n.node.started","message":"n8n.node.started","payload":{"workflowId":"1kxUNqSgWbcjN2cZ","workflowName":"My workflow 2","executionId":"27","nodeType":"n8n-nodes-base.set","nodeName":"Edit Fields1","nodeId":"aea663ac-06ea-4f7f-85f4-c8eafb3075f8"}}
{"__type":"$$EventMessageConfirm","confirm":"46cdd3a7-c327-476c-bc5e-7b342077e4e9","ts":"2025-12-17T15:03:34.284+08:00","source":{"id":"0","name":"eventBus"}}
{"__type":"$$EventMessageNode","id":"96ed7be3-d94d-43b9-941d-3298b4eeeaa7","ts":"2025-12-17T15:03:34.286+08:00","eventName":"n8n.node.finished","message":"n8n.node.finished","payload":{"workflowId":"1kxUNqSgWbcjN2cZ","workflowName":"My workflow 2","executionId":"27","nodeType":"n8n-nodes-base.set","nodeName":"Edit Fields1","nodeId":"aea663ac-06ea-4f7f-85f4-c8eafb3075f8"}}
{"__type":"$$EventMessageConfirm","confirm":"96ed7be3-d94d-43b9-941d-3298b4eeeaa7","ts":"2025-12-17T15:03:34.286+08:00","source":{"id":"0","name":"eventBus"}}
{"__type":"$$EventMessageNode","id":"525346d1-b433-477d-86ed-258eeff4ba01","ts":"2025-12-17T15:03:34.286+08:00","eventName":"n8n.node.started","message":"n8n.node.started","payload":{"workflowId":"1kxUNqSgWbcjN2cZ","workflowName":"My workflow 2","executionId":"27","nodeType":"n8n-nodes-base.httpRequest","nodeName":"HTTP Request","nodeId":"506fd0e3-b8c0-4caf-9eb4-eb3b0159a5b7"}}
{"__type":"$$EventMessageConfirm","confirm":"525346d1-b433-477d-86ed-258eeff4ba01","ts":"2025-12-17T15:03:34.286+08:00","source":{"id":"0","name":"eventBus"}}
{"__type":"$$EventMessageNode","id":"80b92b68-f412-4ff1-9088-6fb5c13afdc7","ts":"2025-12-17T15:03:38.064+08:00","eventName":"n8n.node.finished","message":"n8n.node.finished","payload":{"workflowId":"1kxUNqSgWbcjN2cZ","workflowName":"My workflow 2","executionId":"27","nodeType":"n8n-nodes-base.httpRequest","nodeName":"HTTP Request","nodeId":"506fd0e3-b8c0-4caf-9eb4-eb3b0159a5b7"}}
{"__type":"$$EventMessageConfirm","confirm":"80b92b68-f412-4ff1-9088-6fb5c13afdc7","ts":"2025-12-17T15:03:38.064+08:00","source":{"id":"0","name":"eventBus"}}
{"__type":"$$EventMessageNode","id":"9e69ded2-2b13-44f6-b682-2bdd38f0b422","ts":"2025-12-17T15:03:38.064+08:00","eventName":"n8n.node.started","message":"n8n.node.started","payload":{"workflowId":"1kxUNqSgWbcjN2cZ","workflowName":"My workflow 2","executionId":"27","nodeType":"n8n-nodes-base.code","nodeName":"Code in JavaScript","nodeId":"bfcb1ccf-7954-419a-a0e3-23d703db9922"}}
{"__type":"$$EventMessageConfirm","confirm":"9e69ded2-2b13-44f6-b682-2bdd38f0b422","ts":"2025-12-17T15:03:38.064+08:00","source":{"id":"0","name":"eventBus"}}
{"__type":"$$EventMessageRunner","id":"7be08ac3-625a-4dba-8cb3-6bc0679bb022","ts":"2025-12-17T15:03:38.066+08:00","eventName":"n8n.runner.task.requested","message":"n8n.runner.task.requested","payload":{"taskId":"eNHU3Av0","nodeId":"bfcb1ccf-7954-419a-a0e3-23d703db9922","workflowId":"1kxUNqSgWbcjN2cZ","executionId":"27"}}
{"__type":"$$EventMessageConfirm","confirm":"7be08ac3-625a-4dba-8cb3-6bc0679bb022","ts":"2025-12-17T15:03:38.066+08:00","source":{"id":"0","name":"eventBus"}}
{"__type":"$$EventMessageRunner","id":"504d188d-4c9b-4b76-b802-4a5079b94d6a","ts":"2025-12-17T15:03:38.123+08:00","eventName":"n8n.runner.response.received","message":"n8n.runner.response.received","payload":{"taskId":"eNHU3Av0","nodeId":"bfcb1ccf-7954-419a-a0e3-23d703db9922","workflowId":"1kxUNqSgWbcjN2cZ","executionId":"27"}}
{"__type":"$$EventMessageConfirm","confirm":"504d188d-4c9b-4b76-b802-4a5079b94d6a","ts":"2025-12-17T15:03:38.124+08:00","source":{"id":"0","name":"eventBus"}}
{"__type":"$$EventMessageNode","id":"21defaa8-2ade-4cba-80ce-a6eaeb595ca0","ts":"2025-12-17T15:03:38.124+08:00","eventName":"n8n.node.finished","message":"n8n.node.finished","payload":{"workflowId":"1kxUNqSgWbcjN2cZ","workflowName":"My workflow 2","executionId":"27","nodeType":"n8n-nodes-base.code","nodeName":"Code in JavaScript","nodeId":"bfcb1ccf-7954-419a-a0e3-23d703db9922"}}
{"__type":"$$EventMessageConfirm","confirm":"21defaa8-2ade-4cba-80ce-a6eaeb595ca0","ts":"2025-12-17T15:03:38.124+08:00","source":{"id":"0","name":"eventBus"}}
{"__type":"$$EventMessageNode","id":"bc2162bb-4b90-4d67-ad4d-ed39dca66e7a","ts":"2025-12-17T15:03:38.124+08:00","eventName":"n8n.node.started","message":"n8n.node.started","payload":{"workflowId":"1kxUNqSgWbcjN2cZ","workflowName":"My workflow 2","executionId":"27","nodeType":"n8n-nodes-base.telegram","nodeName":"Send a photo message","nodeId":"108032ea-35d9-41cf-a3af-b10d838b27ac"}}
{"__type":"$$EventMessageConfirm","confirm":"bc2162bb-4b90-4d67-ad4d-ed39dca66e7a","ts":"2025-12-17T15:03:38.124+08:00","source":{"id":"0","name":"eventBus"}}
{"__type":"$$EventMessageNode","id":"abad0eed-db4f-47aa-b260-72231afc0deb","ts":"2025-12-17T15:03:41.093+08:00","eventName":"n8n.node.finished","message":"n8n.node.finished","payload":{"workflowId":"1kxUNqSgWbcjN2cZ","workflowName":"My workflow 2","executionId":"27","nodeType":"n8n-nodes-base.telegram","nodeName":"Send a photo message","nodeId":"108032ea-35d9-41cf-a3af-b10d838b27ac"}}
{"__type":"$$EventMessageConfirm","confirm":"abad0eed-db4f-47aa-b260-72231afc0deb","ts":"2025-12-17T15:03:41.094+08:00","source":{"id":"0","name":"eventBus"}}
{"__type":"$$EventMessageWorkflow","id":"fc3cdeb4-1393-4b63-add4-229df9666c2a","ts":"2025-12-17T15:03:41.094+08:00","eventName":"n8n.workflow.success","message":"n8n.workflow.success","payload":{"executionId":"27","success":true,"isManual":false,"workflowId":"1kxUNqSgWbcjN2cZ","workflowName":"My workflow 2"}}
{"__type":"$$EventMessageConfirm","confirm":"fc3cdeb4-1393-4b63-add4-229df9666c2a","ts":"2025-12-17T15:03:41.094+08:00","source":{"id":"0","name":"eventBus"}}
